Starting Nmap 7.92 ( https://nmap.org ) at 2022-11-18 17:17 IST
Nmap scan report for 10.10.23.9
Host is up (0.15s latency).

PORT     STATE SERVICE VERSION
22/tcp   open  ssh     OpenSSH 8.2p1 Ubuntu 4ubuntu0.4 (Ubuntu Linux; protocol 2.0)
| ssh-hostkey: 
|   3072 b7:1b:a8:f8:8c:8a:4a:53:55:c0:2e:89:01:f2:56:69 (RSA)
|   256 4e:27:43:b6:f4:54:f9:18:d0:38:da:cd:76:9b:85:48 (ECDSA)
|_  256 14:82:ca:bb:04:e5:01:83:9c:d6:54:e9:d1:fa:c4:82 (ED25519)
80/tcp   open  http    Apache httpd 2.4.41 ((Ubuntu))
| http-title: Ollie :: login
|_Requested resource was http://10.10.23.9/index.php?page=login
| http-robots.txt: 2 disallowed entries 
|_/ /immaolllieeboyyy
|_http-server-header: Apache/2.4.41 (Ubuntu)
1337/tcp open  waste?
| fingerprint-strings: 
|   DNSStatusRequestTCP, GenericLines: 
|     Hey stranger, I'm Ollie, protector of panels, lover of deer antlers.
|     What is your name? What's up, 
|     It's been a while. What are you here for?
|   DNSVersionBindReqTCP: 
|     Hey stranger, I'm Ollie, protector of panels, lover of deer antlers.
|     What is your name? What's up, 
|     version
|     bind
|     It's been a while. What are you here for?
|   GetRequest: 
|     Hey stranger, I'm Ollie, protector of panels, lover of deer antlers.
|     What is your name? What's up, Get / http/1.0
|     It's been a while. What are you here for?
|   HTTPOptions: 
|     Hey stranger, I'm Ollie, protector of panels, lover of deer antlers.
|     What is your name? What's up, Options / http/1.0
|     It's been a while. What are you here for?
|   Help: 
|     Hey stranger, I'm Ollie, protector of panels, lover of deer antlers.
|     What is your name? What's up, Help
|     It's been a while. What are you here for?
|   NULL, RPCCheck: 
|     Hey stranger, I'm Ollie, protector of panels, lover of deer antlers.
|     What is your name?
|   RTSPRequest: 
|     Hey stranger, I'm Ollie, protector of panels, lover of deer antlers.
|     What is your name? What's up, Options / rtsp/1.0
|_    It's been a while. What are you here for?
1 service unrecognized despite returning data. If you know the service/version, please submit the following fingerprint at https://nmap.org/cgi-bin/submit.cgi?new-service :
SF-Port1337-TCP:V=7.92%I=7%D=11/18%Time=637770D2%P=x86_64-pc-linux-gnu%r(N
SF:ULL,59,"Hey\x20stranger,\x20I'm\x20Ollie,\x20protector\x20of\x20panels,
SF:\x20lover\x20of\x20deer\x20antlers\.\n\nWhat\x20is\x20your\x20name\?\x2
SF:0")%r(GenericLines,93,"Hey\x20stranger,\x20I'm\x20Ollie,\x20protector\x
SF:20of\x20panels,\x20lover\x20of\x20deer\x20antlers\.\n\nWhat\x20is\x20yo
SF:ur\x20name\?\x20What's\x20up,\x20\r\n\r!\x20It's\x20been\x20a\x20while\
SF:.\x20What\x20are\x20you\x20here\x20for\?\x20")%r(GetRequest,A1,"Hey\x20
SF:stranger,\x20I'm\x20Ollie,\x20protector\x20of\x20panels,\x20lover\x20of
SF:\x20deer\x20antlers\.\n\nWhat\x20is\x20your\x20name\?\x20What's\x20up,\
SF:x20Get\x20/\x20http/1\.0\r\n\r!\x20It's\x20been\x20a\x20while\.\x20What
SF:\x20are\x20you\x20here\x20for\?\x20")%r(HTTPOptions,A5,"Hey\x20stranger
SF:,\x20I'm\x20Ollie,\x20protector\x20of\x20panels,\x20lover\x20of\x20deer
SF:\x20antlers\.\n\nWhat\x20is\x20your\x20name\?\x20What's\x20up,\x20Optio
SF:ns\x20/\x20http/1\.0\r\n\r!\x20It's\x20been\x20a\x20while\.\x20What\x20
SF:are\x20you\x20here\x20for\?\x20")%r(RTSPRequest,A5,"Hey\x20stranger,\x2
SF:0I'm\x20Ollie,\x20protector\x20of\x20panels,\x20lover\x20of\x20deer\x20
SF:antlers\.\n\nWhat\x20is\x20your\x20name\?\x20What's\x20up,\x20Options\x
SF:20/\x20rtsp/1\.0\r\n\r!\x20It's\x20been\x20a\x20while\.\x20What\x20are\
SF:x20you\x20here\x20for\?\x20")%r(RPCCheck,59,"Hey\x20stranger,\x20I'm\x2
SF:0Ollie,\x20protector\x20of\x20panels,\x20lover\x20of\x20deer\x20antlers
SF:\.\n\nWhat\x20is\x20your\x20name\?\x20")%r(DNSVersionBindReqTCP,B0,"Hey
SF:\x20stranger,\x20I'm\x20Ollie,\x20protector\x20of\x20panels,\x20lover\x
SF:20of\x20deer\x20antlers\.\n\nWhat\x20is\x20your\x20name\?\x20What's\x20
SF:up,\x20\0\x1e\0\x06\x01\0\0\x01\0\0\0\0\0\0\x07version\x04bind\0\0\x10\
SF:0\x03!\x20It's\x20been\x20a\x20while\.\x20What\x20are\x20you\x20here\x2
SF:0for\?\x20")%r(DNSStatusRequestTCP,9E,"Hey\x20stranger,\x20I'm\x20Ollie
SF:,\x20protector\x20of\x20panels,\x20lover\x20of\x20deer\x20antlers\.\n\n
SF:What\x20is\x20your\x20name\?\x20What's\x20up,\x20\0\x0c\0\0\x10\0\0\0\0
SF:\0\0\0\0\0!\x20It's\x20been\x20a\x20while\.\x20What\x20are\x20you\x20he
SF:re\x20for\?\x20")%r(Help,95,"Hey\x20stranger,\x20I'm\x20Ollie,\x20prote
SF:ctor\x20of\x20panels,\x20lover\x20of\x20deer\x20antlers\.\n\nWhat\x20is
SF:\x20your\x20name\?\x20What's\x20up,\x20Help\r!\x20It's\x20been\x20a\x20
SF:while\.\x20What\x20are\x20you\x20here\x20for\?\x20");
Service Info: OS: Linux; CPE: cpe:/o:linux:linux_kernel

Service detection performed. Please report any incorrect results at https://nmap.org/submit/ .
Nmap done: 1 IP address (1 host up) scanned in 167.31 seconds
