Starting Nmap 7.92 ( https://nmap.org ) at 2022-10-24 15:09 IST
Nmap scan report for 10.10.177.65
Host is up (0.16s latency).

PORT      STATE SERVICE VERSION
22/tcp    open  ssh     OpenSSH 7.6p1 Ubuntu 4ubuntu0.3 (Ubuntu Linux; protocol 2.0)
| ssh-hostkey: 
|   2048 f3:a2:ed:93:4b:9c:bf:bb:33:4d:48:0d:fe:a4:de:96 (RSA)
|   256 22:72:00:36:eb:37:12:9f:5a:cc:c2:73:e0:4f:f1:4e (ECDSA)
|_  256 78:1d:79:dc:8d:41:f6:77:60:65:f5:74:b6:cc:8b:6d (ED25519)
30024/tcp open  ftp     vsftpd 3.0.3
| ftp-syst: 
|   STAT: 
| FTP server status:
|      Connected to ::ffff:10.0.0.20
|      Logged in as ftp
|      TYPE: ASCII
|      No session bandwidth limit
|      Session timeout in seconds is 300
|      Control connection is plain text
|      Data connections will be plain text
|      At session startup, client count was 1
|      vsFTPd 3.0.3 - secure, fast, stable
|_End of status
| ftp-anon: Anonymous FTP login allowed (FTP code 230)
| -rw-r--r--    1 ftp      ftp          1743 Mar 23  2021 id_rsa
|_-rw-r--r--    1 ftp      ftp            78 Mar 23  2021 note.txt
Service Info: OSs: Linux, Unix; CPE: cpe:/o:linux:linux_kernel

Service detection performed. Please report any incorrect results at https://nmap.org/submit/ .
Nmap done: 1 IP address (1 host up) scanned in 6.98 seconds
