===============================================================
Gobuster v3.1.0
by OJ Reeves (@TheColonial) & Christian Mehlmauer (@firefart)
===============================================================
[+] Url:                     http://10.10.27.75
[+] Method:                  GET
[+] Threads:                 10
[+] Wordlist:                /usr/share/wordlists/dirb/common.txt
[+] Negative Status codes:   404
[+] User Agent:              gobuster/3.1.0
[+] Extensions:              php
[+] Timeout:                 10s
===============================================================
2022/05/10 20:07:01 Starting gobuster in directory enumeration mode
===============================================================
/.hta                 (Status: 403) [Size: 290]
/.hta.php             (Status: 403) [Size: 294]
/.htaccess            (Status: 403) [Size: 295]
/.htpasswd            (Status: 403) [Size: 295]
/.htaccess.php        (Status: 403) [Size: 299]
/.htpasswd.php        (Status: 403) [Size: 299]
/assets               (Status: 301) [Size: 311] [--> http://10.10.27.75/assets/]
/denied.php           (Status: 302) [Size: 0] [--> /login.php]                  
/index.html           (Status: 200) [Size: 1062]                                
/login.php            (Status: 200) [Size: 882]                                 
/portal.php           (Status: 302) [Size: 0] [--> /login.php]                  
/robots.txt           (Status: 200) [Size: 17]                                  
/server-status        (Status: 403) [Size: 299]                                 
===============================================================
2022/05/10 20:09:24 Finished
===============================================================
