===============================================================
Gobuster v3.1.0
by OJ Reeves (@TheColonial) & Christian Mehlmauer (@firefart)
===============================================================
[+] Url:                     http://10.10.117.164:31331/
[+] Method:                  GET
[+] Threads:                 10
[+] Wordlist:                /usr/share/dirb/wordlists/common.txt
[+] Negative Status codes:   404
[+] User Agent:              gobuster/3.1.0
[+] Timeout:                 10s
===============================================================
2022/11/06 12:44:47 Starting gobuster in directory enumeration mode
===============================================================
/.hta                 (Status: 403) [Size: 295]
/.htaccess            (Status: 403) [Size: 300]
/.htpasswd            (Status: 403) [Size: 300]
/css                  (Status: 301) [Size: 321] [--> http://10.10.117.164:31331/css/]
/favicon.ico          (Status: 200) [Size: 15086]                                    
/images               (Status: 301) [Size: 324] [--> http://10.10.117.164:31331/images/]
/index.html           (Status: 200) [Size: 6092]                                        
/javascript           (Status: 301) [Size: 328] [--> http://10.10.117.164:31331/javascript/]
/js                   (Status: 301) [Size: 320] [--> http://10.10.117.164:31331/js/]        
/robots.txt           (Status: 200) [Size: 53]                                              
/server-status        (Status: 403) [Size: 304]                                             
===============================================================
2022/11/06 12:45:56 Finished
===============================================================
