Starting Nmap 7.92 ( https://nmap.org ) at 2022-11-06 12:37 IST
NSE: Loaded 155 scripts for scanning.
NSE: Script Pre-scanning.
NSE: Starting runlevel 1 (of 3) scan.
Initiating NSE at 12:37
Completed NSE at 12:37, 0.00s elapsed
NSE: Starting runlevel 2 (of 3) scan.
Initiating NSE at 12:37
Completed NSE at 12:37, 0.00s elapsed
NSE: Starting runlevel 3 (of 3) scan.
Initiating NSE at 12:37
Completed NSE at 12:37, 0.00s elapsed
Initiating Ping Scan at 12:37
Scanning 10.10.117.164 [2 ports]
Completed Ping Scan at 12:37, 0.15s elapsed (1 total hosts)
Initiating Parallel DNS resolution of 1 host. at 12:37
Completed Parallel DNS resolution of 1 host. at 12:37, 0.00s elapsed
DNS resolution of 1 IPs took 0.00s. Mode: Async [#: 2, OK: 0, NX: 1, DR: 0, SF: 0, TR: 1, CN: 0]
Initiating Connect Scan at 12:37
Scanning 10.10.117.164 [65535 ports]
Discovered open port 22/tcp on 10.10.117.164
Discovered open port 21/tcp on 10.10.117.164
Connect Scan Timing: About 31.93% done; ETC: 12:39 (0:01:06 remaining)
Connect Scan Timing: About 63.46% done; ETC: 12:39 (0:00:35 remaining)
Discovered open port 8081/tcp on 10.10.117.164
Discovered open port 31331/tcp on 10.10.117.164
Completed Connect Scan at 12:39, 95.79s elapsed (65535 total ports)
Initiating Service scan at 12:39
Scanning 4 services on 10.10.117.164
Completed Service scan at 12:39, 11.47s elapsed (4 services on 1 host)
NSE: Script scanning 10.10.117.164.
NSE: Starting runlevel 1 (of 3) scan.
Initiating NSE at 12:39
Completed NSE at 12:39, 4.98s elapsed
NSE: Starting runlevel 2 (of 3) scan.
Initiating NSE at 12:39
Completed NSE at 12:39, 1.10s elapsed
NSE: Starting runlevel 3 (of 3) scan.
Initiating NSE at 12:39
Completed NSE at 12:39, 0.00s elapsed
Nmap scan report for 10.10.117.164
Host is up, received conn-refused (0.15s latency).
Scanned at 2022-11-06 12:37:26 IST for 113s
Not shown: 65531 closed tcp ports (conn-refused)
PORT      STATE SERVICE REASON  VERSION
21/tcp    open  ftp     syn-ack vsftpd 3.0.3
22/tcp    open  ssh     syn-ack OpenSSH 7.6p1 Ubuntu 4ubuntu0.3 (Ubuntu Linux; protocol 2.0)
| ssh-hostkey: 
|   2048 dc:66:89:85:e7:05:c2:a5:da:7f:01:20:3a:13:fc:27 (RSA)
| ssh-rsa AAAAB3NzaC1yc2EAAAADAQABAAABAQDiFl7iswZsMnnI2RuX0ezMMVjUXFY1lJmZr3+H701ZA6nJUb2ymZyXusE/wuqL4BZ+x5gF2DLLRH7fdJkdebuuaMpQtQfEdsOMT+JakQgCDls38FH1jcrpGI3MY55eHcSilT/EsErmuvYv1s3Yvqds6xoxyvGgdptdqiaj4KFBNSDVneCSF/K7IQdbavM3Q7SgKchHJUHt6XO3gICmZmq8tSAdd2b2Ik/rYzpIiyMtfP3iWsyVgjR/q8oR08C2lFpPN8uSyIHkeH1py0aGl+V1E7j2yvVMIb4m3jGtLWH89iePTXmfLkin2feT6qAm7acdktZRJTjaJ8lEMFTHEijJ
|   256 c3:67:dd:26:fa:0c:56:92:f3:5b:a0:b3:8d:6d:20:ab (ECDSA)
| ecdsa-sha2-nistp256 AAAAE2VjZHNhLXNoYTItbmlzdHAyNTYAAAAIbmlzdHAyNTYAAABBBLy2NkFfAZMY462Bf2wSIGzla3CDXwLNlGEpaCs1Uj55Psxk5Go/Y6Cw52NEljhi9fiXOOkIxpBEC8bOvEcNeNY=
|   256 11:9b:5a:d6:ff:2f:e4:49:d2:b5:17:36:0e:2f:1d:2f (ED25519)
|_ssh-ed25519 AAAAC3NzaC1lZDI1NTE5AAAAIEipoohPz5HURhNfvE+WYz4Hc26k5ObMPnAQNoUDsge3
8081/tcp  open  http    syn-ack Node.js Express framework
|_http-title: Site doesn't have a title (text/html; charset=utf-8).
| http-methods: 
|_  Supported Methods: GET HEAD POST OPTIONS
|_http-cors: HEAD GET POST PUT DELETE PATCH
31331/tcp open  http    syn-ack Apache httpd 2.4.29 ((Ubuntu))
|_http-title: UltraTech - The best of technology (AI, FinTech, Big Data)
|_http-favicon: Unknown favicon MD5: 15C1B7515662078EF4B5C724E2927A96
| http-methods: 
|_  Supported Methods: HEAD GET POST OPTIONS
|_http-server-header: Apache/2.4.29 (Ubuntu)
Service Info: OSs: Unix, Linux; CPE: cpe:/o:linux:linux_kernel

NSE: Script Post-scanning.
NSE: Starting runlevel 1 (of 3) scan.
Initiating NSE at 12:39
Completed NSE at 12:39, 0.00s elapsed
NSE: Starting runlevel 2 (of 3) scan.
Initiating NSE at 12:39
Completed NSE at 12:39, 0.00s elapsed
NSE: Starting runlevel 3 (of 3) scan.
Initiating NSE at 12:39
Completed NSE at 12:39, 0.00s elapsed
Read data files from: /usr/bin/../share/nmap
Service detection performed. Please report any incorrect results at https://nmap.org/submit/ .
Nmap done: 1 IP address (1 host up) scanned in 114.11 seconds
