[*] Starting passwords spray attack using the following password: Changeme123
[-] Failed login with Username: anthony.reynolds
[-] Failed login with Username: samantha.thompson
[-] Failed login with Username: dawn.turner
[-] Failed login with Username: frances.chapman
[-] Failed login with Username: henry.taylor
[-] Failed login with Username: jennifer.wood
[+] Valid credential pair found! Username: hollie.powell Password: Changeme123
[-] Failed login with Username: louise.talbot
[+] Valid credential pair found! Username: heather.smith Password: Changeme123
[-] Failed login with Username: dominic.elliott
[+] Valid credential pair found! Username: gordon.stevens Password: Changeme123
[-] Failed login with Username: alan.jones
[-] Failed login with Username: frank.fletcher
[-] Failed login with Username: maria.sheppard
[-] Failed login with Username: sophie.blackburn
[-] Failed login with Username: dawn.hughes
[-] Failed login with Username: henry.black
[-] Failed login with Username: joanne.davies
[-] Failed login with Username: mark.oconnor
[+] Valid credential pair found! Username: georgina.edwards Password: Changeme123
[*] Password spray attack completed, 4 valid credential pairs found
