Starting enum4linux v0.9.1 ( http://labs.portcullis.co.uk/application/enum4linux/ ) on Thu Oct 20 17:38:47 2022

[34m =========================================( [0m[32mTarget Information[0m[34m )=========================================

[0mTarget ........... 10.10.129.174
RID Range ........ 500-550,1000-1050
Username ......... 'guest'
Password ......... ''
Known Usernames .. administrator, guest, krbtgt, domain admins, root, bin, none


[34m ===========================( [0m[32mEnumerating Workgroup/Domain on 10.10.129.174[0m[34m )===========================

[0m[33m
[+] [0m[32mGot domain/workgroup name: WORKGROUP

[0m
[34m ===============================( [0m[32mNbtstat Information for 10.10.129.174[0m[34m )===============================

[0mLooking up status of 10.10.129.174
	VULNNET-INTERNA <00> -         B <ACTIVE>  Workstation Service
	VULNNET-INTERNA <03> -         B <ACTIVE>  Messenger Service
	VULNNET-INTERNA <20> -         B <ACTIVE>  File Server Service
	WORKGROUP       <00> - <GROUP> B <ACTIVE>  Domain/Workgroup Name
	WORKGROUP       <1e> - <GROUP> B <ACTIVE>  Browser Service Elections

	MAC Address = 00-00-00-00-00-00

[34m ===================================( [0m[32mSession Check on 10.10.129.174[0m[34m )===================================

[0m[33m
[+] [0m[32mServer 10.10.129.174 allows sessions using username 'guest', password ''

[0m
[34m ================================( [0m[32mGetting domain SID for 10.10.129.174[0m[34m )================================

[0mBad SMB2 (sign_algo_id=1) signature for message
[0000] 00 00 00 00 00 00 00 00   00 00 00 00 00 00 00 00   ........ ........
[0000] BF 9E 1F E8 1D 82 7C B6   75 41 2A 46 8B 31 4D CF   ......|. uA*F.1M.
Cannot connect to server.  Error was NT_STATUS_ACCESS_DENIED
[33m
[+] [0m[32mCan't determine if host is part of domain or part of a workgroup

[0m
[34m ==================================( [0m[32mOS information on 10.10.129.174[0m[34m )==================================

[0m[33m
[E] [0m[31mCan't get OS info with smbclient

[0m[33m
[+] [0m[32mGot OS info for 10.10.129.174 from srvinfo: 
[0mBad SMB2 (sign_algo_id=1) signature for message
[0000] 00 00 00 00 00 00 00 00   00 00 00 00 00 00 00 00   ........ ........
[0000] CD 8A F8 99 CA 70 1B 4A   6C F6 A8 92 0C 4E CA 57   .....p.J l....N.W
Cannot connect to server.  Error was NT_STATUS_ACCESS_DENIED


[34m =======================================( [0m[32mUsers on 10.10.129.174[0m[34m )=======================================

[0m[33m
[E] [0m[31mCouldn't find users using querydispinfo: NT_STATUS_ACCESS_DENIED

[0m
[33m
[E] [0m[31mCouldn't find users using enumdomusers: NT_STATUS_ACCESS_DENIED

[0m
[34m =================================( [0m[32mShare Enumeration on 10.10.129.174[0m[34m )=================================

[0m
	Sharename       Type      Comment
	---------       ----      -------
	print$          Disk      Printer Drivers
	shares          Disk      VulnNet Business Shares
	IPC$            IPC       IPC Service (vulnnet-internal server (Samba, Ubuntu))
Reconnecting with SMB1 for workgroup listing.

	Server               Comment
	---------            -------

	Workgroup            Master
	---------            -------
	WORKGROUP            
[33m
[+] [0m[32mAttempting to map shares on 10.10.129.174

[0m//10.10.129.174/print$	[35mMapping: [0mDENIED[35m Listing: [0mN/A[35m Writing: [0mN/A
//10.10.129.174/shares	[35mMapping: [0mOK[35m Listing: [0mOK[35m Writing: [0mN/A
[33m
[E] [0m[31mCan't understand response:

[0mNT_STATUS_OBJECT_NAME_NOT_FOUND listing \*
//10.10.129.174/IPC$	[35mMapping: [0mN/A[35m Listing: [0mN/A[35m Writing: [0mN/A

[34m ===========================( [0m[32mPassword Policy Information for 10.10.129.174[0m[34m )===========================

[0m

[+] Attaching to 10.10.129.174 using guest

[+] Trying protocol 139/SMB...

[+] Found domain(s):

	[+] VULNNET-INTERNAL
	[+] Builtin

[+] Password Info for Domain: VULNNET-INTERNAL

	[+] Minimum password length: 5
	[+] Password history length: None
	[+] Maximum password age: 37 days 6 hours 21 minutes 
	[+] Password Complexity Flags: 000000

		[+] Domain Refuse Password Change: 0
		[+] Domain Password Store Cleartext: 0
		[+] Domain Password Lockout Admins: 0
		[+] Domain Password No Clear Change: 0
		[+] Domain Password No Anon Change: 0
		[+] Domain Password Complex: 0

	[+] Minimum password age: None
	[+] Reset Account Lockout Counter: 30 minutes 
	[+] Locked Account Duration: 30 minutes 
	[+] Account Lockout Threshold: None
	[+] Forced Log off Time: 37 days 6 hours 21 minutes 


[33m
[E] [0m[31mFailed to get password policy with rpcclient

[0m

[34m ======================================( [0m[32mGroups on 10.10.129.174[0m[34m )======================================

[0m[33m
[+] [0m[32mGetting builtin groups:

[0m[33m
[+] [0m[32m Getting builtin group memberships:

[0m[33m
[+] [0m[32m Getting local groups:

[0m[33m
[+] [0m[32m Getting local group memberships:

[0m[33m
[+] [0m[32m Getting domain groups:

[0m[33m
[+] [0m[32m Getting domain group memberships:

[0m
[34m ==================( [0m[32mUsers on 10.10.129.174 via RID cycling (RIDS: 500-550,1000-1050)[0m[34m )==================

[0m[33m
[E] [0m[31mCouldn't get SID: NT_STATUS_ACCESS_DENIED.  RID cycling not possible.

[0m
[34m ===============================( [0m[32mGetting printer info for 10.10.129.174[0m[34m )===============================

[0mBad SMB2 (sign_algo_id=1) signature for message
[0000] 00 00 00 00 00 00 00 00   00 00 00 00 00 00 00 00   ........ ........
[0000] 64 66 33 A9 C8 D5 4D B7   25 FC 31 25 C1 27 6A 50   df3...M. %.1%.'jP
Cannot connect to server.  Error was NT_STATUS_ACCESS_DENIED


enum4linux complete on Thu Oct 20 17:39:13 2022

