Starting Nmap 7.92 ( https://nmap.org ) at 2022-10-20 17:33 IST
Nmap scan report for 10.10.129.174
Host is up (0.16s latency).
Not shown: 993 closed tcp ports (conn-refused)
PORT     STATE    SERVICE     VERSION
22/tcp   open     ssh         OpenSSH 7.6p1 Ubuntu 4ubuntu0.3 (Ubuntu Linux; protocol 2.0)
| ssh-hostkey: 
|   2048 5e:27:8f:48:ae:2f:f8:89:bb:89:13:e3:9a:fd:63:40 (RSA)
|   256 f4:fe:0b:e2:5c:88:b5:63:13:85:50:dd:d5:86:ab:bd (ECDSA)
|_  256 82:ea:48:85:f0:2a:23:7e:0e:a9:d9:14:0a:60:2f:ad (ED25519)
111/tcp  open     rpcbind     2-4 (RPC #100000)
| rpcinfo: 
|   program version    port/proto  service
|   100000  2,3,4        111/tcp   rpcbind
|   100000  2,3,4        111/udp   rpcbind
|   100000  3,4          111/tcp6  rpcbind
|   100000  3,4          111/udp6  rpcbind
|   100003  3           2049/udp   nfs
|   100003  3           2049/udp6  nfs
|   100003  3,4         2049/tcp   nfs
|   100003  3,4         2049/tcp6  nfs
|   100005  1,2,3      35194/udp6  mountd
|   100005  1,2,3      46870/udp   mountd
|   100005  1,2,3      56081/tcp   mountd
|   100005  1,2,3      59845/tcp6  mountd
|   100021  1,3,4      33532/udp6  nlockmgr
|   100021  1,3,4      36451/tcp   nlockmgr
|   100021  1,3,4      37239/tcp6  nlockmgr
|   100021  1,3,4      49676/udp   nlockmgr
|   100227  3           2049/tcp   nfs_acl
|   100227  3           2049/tcp6  nfs_acl
|   100227  3           2049/udp   nfs_acl
|_  100227  3           2049/udp6  nfs_acl
139/tcp  open     netbios-ssn Samba smbd 3.X - 4.X (workgroup: WORKGROUP)
445/tcp  open     netbios-ssn Samba smbd 4.7.6-Ubuntu (workgroup: WORKGROUP)
873/tcp  open     rsync       (protocol version 31)
2049/tcp open     nfs_acl     3 (RPC #100227)
9090/tcp filtered zeus-admin
Service Info: Host: VULNNET-INTERNAL; OS: Linux; CPE: cpe:/o:linux:linux_kernel

Host script results:
|_clock-skew: mean: -39m56s, deviation: 1h09m16s, median: 2s
| smb-security-mode: 
|   account_used: guest
|   authentication_level: user
|   challenge_response: supported
|_  message_signing: disabled (dangerous, but default)
|_nbstat: NetBIOS name: VULNNET-INTERNA, NetBIOS user: <unknown>, NetBIOS MAC: <unknown> (unknown)
| smb2-security-mode: 
|   3.1.1: 
|_    Message signing enabled but not required
| smb2-time: 
|   date: 2022-10-20T12:04:33
|_  start_date: N/A
| smb-os-discovery: 
|   OS: Windows 6.1 (Samba 4.7.6-Ubuntu)
|   Computer name: vulnnet-internal
|   NetBIOS computer name: VULNNET-INTERNAL\x00
|   Domain name: \x00
|   FQDN: vulnnet-internal
|_  System time: 2022-10-20T14:04:33+02:00

Service detection performed. Please report any incorrect results at https://nmap.org/submit/ .
Nmap done: 1 IP address (1 host up) scanned in 35.45 seconds
