Starting Nmap 7.92 ( https://nmap.org ) at 2022-10-30 12:11 IST
NSE: Loaded 155 scripts for scanning.
NSE: Script Pre-scanning.
NSE: Starting runlevel 1 (of 3) scan.
Initiating NSE at 12:11
Completed NSE at 12:11, 0.00s elapsed
NSE: Starting runlevel 2 (of 3) scan.
Initiating NSE at 12:11
Completed NSE at 12:11, 0.00s elapsed
NSE: Starting runlevel 3 (of 3) scan.
Initiating NSE at 12:11
Completed NSE at 12:11, 0.00s elapsed
Initiating Ping Scan at 12:11
Scanning 10.10.77.98 [2 ports]
Completed Ping Scan at 12:11, 0.22s elapsed (1 total hosts)
Initiating Parallel DNS resolution of 1 host. at 12:11
Completed Parallel DNS resolution of 1 host. at 12:11, 0.00s elapsed
DNS resolution of 1 IPs took 0.00s. Mode: Async [#: 2, OK: 0, NX: 1, DR: 0, SF: 0, TR: 1, CN: 0]
Initiating Connect Scan at 12:11
Scanning 10.10.77.98 [65535 ports]
Discovered open port 139/tcp on 10.10.77.98
Discovered open port 3389/tcp on 10.10.77.98
Discovered open port 445/tcp on 10.10.77.98
Discovered open port 135/tcp on 10.10.77.98
Discovered open port 80/tcp on 10.10.77.98
Increasing send delay for 10.10.77.98 from 0 to 5 due to 11 out of 27 dropped probes since last increase.
Connect Scan Timing: About 16.11% done; ETC: 12:14 (0:02:41 remaining)
Stats: 0:00:31 elapsed; 0 hosts completed (1 up), 1 undergoing Connect Scan
Connect Scan Timing: About 16.19% done; ETC: 12:14 (0:02:40 remaining)
Increasing send delay for 10.10.77.98 from 5 to 10 due to 11 out of 11 dropped probes since last increase.
Increasing send delay for 10.10.77.98 from 10 to 20 due to 11 out of 11 dropped probes since last increase.
Connect Scan Timing: About 32.12% done; ETC: 12:14 (0:02:09 remaining)
Increasing send delay for 10.10.77.98 from 20 to 40 due to 11 out of 11 dropped probes since last increase.
Discovered open port 49669/tcp on 10.10.77.98
Increasing send delay for 10.10.77.98 from 40 to 80 due to 11 out of 15 dropped probes since last increase.
Stats: 0:01:30 elapsed; 0 hosts completed (1 up), 1 undergoing Connect Scan
Connect Scan Timing: About 47.94% done; ETC: 12:14 (0:01:38 remaining)
Increasing send delay for 10.10.77.98 from 80 to 160 due to 11 out of 18 dropped probes since last increase.
Connect Scan Timing: About 63.61% done; ETC: 12:14 (0:01:09 remaining)
Increasing send delay for 10.10.77.98 from 160 to 320 due to 11 out of 23 dropped probes since last increase.
Connect Scan Timing: About 79.62% done; ETC: 12:14 (0:00:38 remaining)
Increasing send delay for 10.10.77.98 from 320 to 640 due to 11 out of 11 dropped probes since last increase.
Increasing send delay for 10.10.77.98 from 640 to 1000 due to 11 out of 11 dropped probes since last increase.
Completed Connect Scan at 12:14, 187.68s elapsed (65535 total ports)
Initiating Service scan at 12:14
Scanning 6 services on 10.10.77.98
Completed Service scan at 12:15, 60.06s elapsed (6 services on 1 host)
NSE: Script scanning 10.10.77.98.
NSE: Starting runlevel 1 (of 3) scan.
Initiating NSE at 12:15
NSE Timing: About 99.88% done; ETC: 12:16 (0:00:00 remaining)
Completed NSE at 12:16, 40.09s elapsed
NSE: Starting runlevel 2 (of 3) scan.
Initiating NSE at 12:16
Completed NSE at 12:16, 1.10s elapsed
NSE: Starting runlevel 3 (of 3) scan.
Initiating NSE at 12:16
Completed NSE at 12:16, 0.01s elapsed
Nmap scan report for 10.10.77.98
Host is up, received syn-ack (0.18s latency).
Scanned at 2022-10-30 12:11:33 IST for 289s
Not shown: 65529 filtered tcp ports (no-response)
PORT      STATE SERVICE       REASON  VERSION
80/tcp    open  http          syn-ack Microsoft IIS httpd 10.0
|_http-server-header: Microsoft-IIS/10.0
|_http-title: IIS Windows Server
| http-methods: 
|   Supported Methods: OPTIONS TRACE GET HEAD POST
|_  Potentially risky methods: TRACE
135/tcp   open  msrpc         syn-ack Microsoft Windows RPC
139/tcp   open  netbios-ssn   syn-ack Microsoft Windows netbios-ssn
445/tcp   open  microsoft-ds  syn-ack Windows Server 2016 Standard Evaluation 14393 microsoft-ds
3389/tcp  open  ms-wbt-server syn-ack Microsoft Terminal Services
| rdp-ntlm-info: 
|   Target_Name: RELEVANT
|   NetBIOS_Domain_Name: RELEVANT
|   NetBIOS_Computer_Name: RELEVANT
|   DNS_Domain_Name: Relevant
|   DNS_Computer_Name: Relevant
|   Product_Version: 10.0.14393
|_  System_Time: 2022-10-30T06:45:43+00:00
| ssl-cert: Subject: commonName=Relevant
| Issuer: commonName=Relevant
| Public Key type: rsa
| Public Key bits: 2048
| Signature Algorithm: sha256WithRSAEncryption
| Not valid before: 2022-10-29T05:44:06
| Not valid after:  2023-04-30T05:44:06
| MD5:   f0d6 d486 3c8e 0450 8983 dc85 d86f 6b03
| SHA-1: b24f 3e70 f519 ba45 8916 0687 39ac dcd5 7761 96fe
| -----BEGIN CERTIFICATE-----
| MIIC1DCCAbygAwIBAgIQNLg57bu6hrhBF4V92gxsQTANBgkqhkiG9w0BAQsFADAT
| MREwDwYDVQQDEwhSZWxldmFudDAeFw0yMjEwMjkwNTQ0MDZaFw0yMzA0MzAwNTQ0
| MDZaMBMxETAPBgNVBAMTCFJlbGV2YW50MIIBIjANBgkqhkiG9w0BAQEFAAOCAQ8A
| MIIBCgKCAQEAnk+MbcCFXzIHEoLV+sJfN/wPbhfEBFcwcicaOokytLyC/J9RTK2L
| BqIpgDdJw7pyYXbINJP7ktNtzdn96rJfKirbkR9PIUPGug8fAfgHj7AaowBPfF9o
| vf5K0SDOdv3K8vy9Evuc+7JOEVE+nBTg0rGvX5Ap3S6TWv/gGoPfLRiOvjq3mKjd
| w2URQjVTg1SItV3rn+8T1NtQ49qjEKjvmaC5xT5gO1NXK/JSZC3LrOH99p/Q/BOY
| y33AnhBV6xrSI5+NVJIH/gyBmxroLizaSPRFFQincoKOny/n4ReQYKuAmLV8ucH/
| zy5Cwm/D1+DI+L4Aj1aJYx5IH+ajpSPi4QIDAQABoyQwIjATBgNVHSUEDDAKBggr
| BgEFBQcDATALBgNVHQ8EBAMCBDAwDQYJKoZIhvcNAQELBQADggEBACRLXSPX1/bO
| asH9WcEPWQ3KG0zxpUqOyi23vepfn3oLVWgb1LjQ3z/7Rh2/dasJNkh5g+n/hoMH
| a71hof2dNsEB4TnummggIbGBBXmc+ddpR6U/yxG01bK4h/vE0ZSjZ6SwXD84CRAD
| tNTujov0YO3IZHM3Kwc9a/lpI2bQRqnV7LZn5ZG4+MU2vWVpdPIkJpsC3CdWOcEb
| raYbhCQNVEB0bAognAQ8ZNmIMoY3bIa2IJnRKOV/eSZZJ6ITiTm0S0/tYBOJ+7O6
| rVH0RpHy7bU5go1jf6bqBOMAClwHmuoASzJcyEwwLPjm0x6BVlVM/BRa8Av8kMJ6
| /zTboV9KGKU=
|_-----END CERTIFICATE-----
|_ssl-date: 2022-10-30T06:46:22+00:00; 0s from scanner time.
49669/tcp open  msrpc         syn-ack Microsoft Windows RPC
Service Info: OSs: Windows, Windows Server 2008 R2 - 2012; CPE: cpe:/o:microsoft:windows

Host script results:
|_clock-skew: mean: 1h24m00s, deviation: 3h07m51s, median: 0s
| smb-security-mode: 
|   account_used: guest
|   authentication_level: user
|   challenge_response: supported
|_  message_signing: disabled (dangerous, but default)
| smb2-security-mode: 
|   3.1.1: 
|_    Message signing enabled but not required
| smb2-time: 
|   date: 2022-10-30T06:45:46
|_  start_date: 2022-10-30T05:44:59
| smb-os-discovery: 
|   OS: Windows Server 2016 Standard Evaluation 14393 (Windows Server 2016 Standard Evaluation 6.3)
|   Computer name: Relevant
|   NetBIOS computer name: RELEVANT\x00
|   Workgroup: WORKGROUP\x00
|_  System time: 2022-10-29T23:45:45-07:00
| p2p-conficker: 
|   Checking for Conficker.C or higher...
|   Check 1 (port 63336/tcp): CLEAN (Timeout)
|   Check 2 (port 10691/tcp): CLEAN (Timeout)
|   Check 3 (port 61092/udp): CLEAN (Timeout)
|   Check 4 (port 42741/udp): CLEAN (Timeout)
|_  0/4 checks are positive: Host is CLEAN or ports are blocked

NSE: Script Post-scanning.
NSE: Starting runlevel 1 (of 3) scan.
Initiating NSE at 12:16
Completed NSE at 12:16, 0.00s elapsed
NSE: Starting runlevel 2 (of 3) scan.
Initiating NSE at 12:16
Completed NSE at 12:16, 0.00s elapsed
NSE: Starting runlevel 3 (of 3) scan.
Initiating NSE at 12:16
Completed NSE at 12:16, 0.00s elapsed
Read data files from: /usr/bin/../share/nmap
Service detection performed. Please report any incorrect results at https://nmap.org/submit/ .
Nmap done: 1 IP address (1 host up) scanned in 289.82 seconds
