Starting Nmap 7.92 ( https://nmap.org ) at 2022-10-30 11:15 IST
Nmap scan report for 10.10.77.98
Host is up (0.18s latency).
Not shown: 995 filtered tcp ports (no-response)
PORT     STATE SERVICE        VERSION
80/tcp   open  http           Microsoft HTTPAPI httpd 2.0 (SSDP/UPnP)
|_http-title: IIS Windows Server
| http-methods: 
|_  Potentially risky methods: TRACE
|_http-server-header: Microsoft-IIS/10.0
135/tcp  open  msrpc          Microsoft Windows RPC
139/tcp  open  netbios-ssn    Microsoft Windows netbios-ssn
445/tcp  open  microsoft-ds   Windows Server 2016 Standard Evaluation 14393 microsoft-ds
3389/tcp open  ms-wbt-server?
| rdp-ntlm-info: 
|   Target_Name: RELEVANT
|   NetBIOS_Domain_Name: RELEVANT
|   NetBIOS_Computer_Name: RELEVANT
|   DNS_Domain_Name: Relevant
|   DNS_Computer_Name: Relevant
|   Product_Version: 10.0.14393
|_  System_Time: 2022-10-30T05:47:16+00:00
| ssl-cert: Subject: commonName=Relevant
| Not valid before: 2022-10-29T05:44:06
|_Not valid after:  2023-04-30T05:44:06
|_ssl-date: 2022-10-30T05:47:54+00:00; 0s from scanner time.
Service Info: OSs: Windows, Windows Server 2008 R2 - 2012; CPE: cpe:/o:microsoft:windows

Host script results:
|_clock-skew: mean: 1h24m01s, deviation: 3h07m51s, median: 0s
| smb-security-mode: 
|   account_used: guest
|   authentication_level: user
|   challenge_response: supported
|_  message_signing: disabled (dangerous, but default)
| smb2-time: 
|   date: 2022-10-30T05:47:16
|_  start_date: 2022-10-30T05:44:59
| smb2-security-mode: 
|   3.1.1: 
|_    Message signing enabled but not required
| smb-os-discovery: 
|   OS: Windows Server 2016 Standard Evaluation 14393 (Windows Server 2016 Standard Evaluation 6.3)
|   Computer name: Relevant
|   NetBIOS computer name: RELEVANT\x00
|   Workgroup: WORKGROUP\x00
|_  System time: 2022-10-29T22:47:18-07:00

Service detection performed. Please report any incorrect results at https://nmap.org/submit/ .
Nmap done: 1 IP address (1 host up) scanned in 165.41 seconds
