===============================================================
Gobuster v3.1.0
by OJ Reeves (@TheColonial) & Christian Mehlmauer (@firefart)
===============================================================
[+] Url:                     http://10.10.171.76
[+] Method:                  GET
[+] Threads:                 10
[+] Wordlist:                /usr/share/wordlists/dirb/common.txt
[+] Negative Status codes:   404
[+] User Agent:              gobuster/3.1.0
[+] Timeout:                 10s
===============================================================
2022/11/30 19:30:09 Starting gobuster in directory enumeration mode
===============================================================
/.hta                 (Status: 403) [Size: 153]
/.htaccess            (Status: 403) [Size: 153]
/.htpasswd            (Status: 403) [Size: 153]
/Admin                (Status: 403) [Size: 392]
/admin                (Status: 403) [Size: 392]
/ADMIN                (Status: 403) [Size: 392]
/images               (Status: 301) [Size: 179] [--> /images/]
/login                (Status: 200) [Size: 857]               
/Login                (Status: 200) [Size: 857]               
/messages             (Status: 302) [Size: 28] [--> /login]   
/new                  (Status: 302) [Size: 28] [--> /login]   
/robots.txt           (Status: 200) [Size: 31]                
/signup               (Status: 200) [Size: 667]               
/stylesheets          (Status: 301) [Size: 189] [--> /stylesheets/]
===============================================================
2022/11/30 19:31:20 Finished
===============================================================
