Starting enum4linux v0.9.1 ( http://labs.portcullis.co.uk/application/enum4linux/ ) on Sun Nov 13 14:51:19 2022

[34m =========================================( [0m[32mTarget Information[0m[34m )=========================================

[0mTarget ........... blog.thm
RID Range ........ 500-550,1000-1050
Username ......... ''
Password ......... ''
Known Usernames .. administrator, guest, krbtgt, domain admins, root, bin, none


[34m ==============================( [0m[32mEnumerating Workgroup/Domain on blog.thm[0m[34m )==============================

[0m[33m
[+] [0m[32mGot domain/workgroup name: WORKGROUP

[0m
[34m ==================================( [0m[32mNbtstat Information for blog.thm[0m[34m )==================================

[0mLooking up status of 10.10.56.157
	BLOG            <00> -         B <ACTIVE>  Workstation Service
	BLOG            <03> -         B <ACTIVE>  Messenger Service
	BLOG            <20> -         B <ACTIVE>  File Server Service
	..__MSBROWSE__. <01> - <GROUP> B <ACTIVE>  Master Browser
	WORKGROUP       <00> - <GROUP> B <ACTIVE>  Domain/Workgroup Name
	WORKGROUP       <1d> -         B <ACTIVE>  Master Browser
	WORKGROUP       <1e> - <GROUP> B <ACTIVE>  Browser Service Elections

	MAC Address = 00-00-00-00-00-00

[34m =====================================( [0m[32mSession Check on blog.thm[0m[34m )=====================================

[0m[33m
[+] [0m[32mServer blog.thm allows sessions using username '', password ''

[0m
[34m ==================================( [0m[32mGetting domain SID for blog.thm[0m[34m )==================================

[0mDomain Name: WORKGROUP
Domain Sid: (NULL SID)
[33m
[+] [0m[32mCan't determine if host is part of domain or part of a workgroup

[0m
[34m =====================================( [0m[32mOS information on blog.thm[0m[34m )=====================================

[0m[33m
[E] [0m[31mCan't get OS info with smbclient

[0m[33m
[+] [0m[32mGot OS info for blog.thm from srvinfo: 
[0m	BLOG           Wk Sv PrQ Unx NT SNT blog server (Samba, Ubuntu)
	platform_id     :	500
	os version      :	6.1
	server type     :	0x809a03


[34m =========================================( [0m[32mUsers on blog.thm[0m[34m )=========================================

[0m

[34m ===================================( [0m[32mShare Enumeration on blog.thm[0m[34m )===================================

[0m
	Sharename       Type      Comment
	---------       ----      -------
	print$          Disk      Printer Drivers
	BillySMB        Disk      Billy's local SMB Share
	IPC$            IPC       IPC Service (blog server (Samba, Ubuntu))
Reconnecting with SMB1 for workgroup listing.

	Server               Comment
	---------            -------

	Workgroup            Master
	---------            -------
	WORKGROUP            BLOG
[33m
[+] [0m[32mAttempting to map shares on blog.thm

[0m//blog.thm/print$	[35mMapping: [0mDENIED[35m Listing: [0mN/A[35m Writing: [0mN/A
//blog.thm/BillySMB	[35mMapping: [0mOK[35m Listing: [0mOK[35m Writing: [0mN/A
[33m
[E] [0m[31mCan't understand response:

[0mNT_STATUS_OBJECT_NAME_NOT_FOUND listing \*
//blog.thm/IPC$	[35mMapping: [0mN/A[35m Listing: [0mN/A[35m Writing: [0mN/A

[34m ==============================( [0m[32mPassword Policy Information for blog.thm[0m[34m )==============================

[0m

[+] Attaching to blog.thm using a NULL share

[+] Trying protocol 139/SMB...

[+] Found domain(s):

	[+] BLOG
	[+] Builtin

[+] Password Info for Domain: BLOG

	[+] Minimum password length: 5
	[+] Password history length: None
	[+] Maximum password age: 37 days 6 hours 21 minutes 
	[+] Password Complexity Flags: 000000

		[+] Domain Refuse Password Change: 0
		[+] Domain Password Store Cleartext: 0
		[+] Domain Password Lockout Admins: 0
		[+] Domain Password No Clear Change: 0
		[+] Domain Password No Anon Change: 0
		[+] Domain Password Complex: 0

	[+] Minimum password age: None
	[+] Reset Account Lockout Counter: 30 minutes 
	[+] Locked Account Duration: 30 minutes 
	[+] Account Lockout Threshold: None
	[+] Forced Log off Time: 37 days 6 hours 21 minutes 


[33m
[+] [0m[32mRetieved partial password policy with rpcclient:


[0mPassword Complexity: Disabled
Minimum Password Length: 5


[34m =========================================( [0m[32mGroups on blog.thm[0m[34m )=========================================

[0m[33m
[+] [0m[32mGetting builtin groups:

[0m