Starting Nmap 7.92 ( https://nmap.org ) at 2022-11-13 14:42 IST
Nmap scan report for blog.thm (10.10.56.157)
Host is up (0.15s latency).
Not shown: 996 closed tcp ports (conn-refused)
PORT    STATE SERVICE     VERSION
22/tcp  open  ssh         OpenSSH 7.6p1 Ubuntu 4ubuntu0.3 (Ubuntu Linux; protocol 2.0)
| ssh-hostkey: 
|   2048 57:8a:da:90:ba:ed:3a:47:0c:05:a3:f7:a8:0a:8d:78 (RSA)
|   256 c2:64:ef:ab:b1:9a:1c:87:58:7c:4b:d5:0f:20:46:26 (ECDSA)
|_  256 5a:f2:62:92:11:8e:ad:8a:9b:23:82:2d:ad:53:bc:16 (ED25519)
80/tcp  open  http        Apache httpd 2.4.29 ((Ubuntu))
| http-robots.txt: 1 disallowed entry 
|_/wp-admin/
|_http-server-header: Apache/2.4.29 (Ubuntu)
|_http-title: Billy Joel&#039;s IT Blog &#8211; The IT blog
|_http-generator: WordPress 5.0
139/tcp open  netbios-ssn Samba smbd 3.X - 4.X (workgroup: WORKGROUP)
445/tcp open  netbios-ssn Samba smbd 4.7.6-Ubuntu (workgroup: WORKGROUP)
Service Info: Host: BLOG; OS: Linux; CPE: cpe:/o:linux:linux_kernel

Host script results:
| smb2-security-mode: 
|   3.1.1: 
|_    Message signing enabled but not required
| smb-os-discovery: 
|   OS: Windows 6.1 (Samba 4.7.6-Ubuntu)
|   Computer name: blog
|   NetBIOS computer name: BLOG\x00
|   Domain name: \x00
|   FQDN: blog
|_  System time: 2022-11-13T09:13:01+00:00
| smb-security-mode: 
|   account_used: guest
|   authentication_level: user
|   challenge_response: supported
|_  message_signing: disabled (dangerous, but default)
|_clock-skew: mean: 1s, deviation: 0s, median: 0s
| smb2-time: 
|   date: 2022-11-13T09:13:01
|_  start_date: N/A
|_nbstat: NetBIOS name: BLOG, NetBIOS user: <unknown>, NetBIOS MAC: <unknown> (unknown)

Service detection performed. Please report any incorrect results at https://nmap.org/submit/ .
Nmap done: 1 IP address (1 host up) scanned in 33.55 seconds
