===============================================================
Gobuster v3.1.0
by OJ Reeves (@TheColonial) & Christian Mehlmauer (@firefart)
===============================================================
[+] Url:                     http://10.10.43.131
[+] Method:                  GET
[+] Threads:                 10
[+] Wordlist:                /usr/share/wordlists/dirb/big.txt
[+] Negative Status codes:   404
[+] User Agent:              gobuster/3.1.0
[+] Extensions:              php,txt,html
[+] Timeout:                 10s
===============================================================
2022/07/05 15:34:22 Starting gobuster in directory enumeration mode
===============================================================
/.htaccess.php        (Status: 403) [Size: 277]
/.htpasswd            (Status: 403) [Size: 277]
/.htaccess.txt        (Status: 403) [Size: 277]
/.htpasswd.php        (Status: 403) [Size: 277]
/.htpasswd.txt        (Status: 403) [Size: 277]
/.htaccess.html       (Status: 403) [Size: 277]
/.htaccess            (Status: 403) [Size: 277]
/.htpasswd.html       (Status: 403) [Size: 277]
/administrator.php    (Status: 200) [Size: 409]
