Starting Nmap 7.92 ( https://nmap.org ) at 2022-05-09 18:50 IST
Nmap scan report for 10.10.197.159
Host is up (0.16s latency).
Not shown: 998 filtered tcp ports (no-response)
PORT     STATE SERVICE       VERSION
80/tcp   open  http          Microsoft HTTPAPI httpd 2.0 (SSDP/UPnP)
3389/tcp open  ms-wbt-server Microsoft Terminal Services
| rdp-ntlm-info: 
|   Target_Name: WIN-LU09299160F
|   NetBIOS_Domain_Name: WIN-LU09299160F
|   NetBIOS_Computer_Name: WIN-LU09299160F
|   DNS_Domain_Name: WIN-LU09299160F
|   DNS_Computer_Name: WIN-LU09299160F
|   Product_Version: 10.0.17763
|_  System_Time: 2022-05-09T13:20:46+00:00
| ssl-cert: Subject: commonName=WIN-LU09299160F
| Not valid before: 2022-05-08T13:13:34
|_Not valid after:  2022-11-07T13:13:34
|_ssl-date: 2022-05-09T13:21:54+00:00; +1s from scanner time.
Service Info: OS: Windows; CPE: cpe:/o:microsoft:windows

Service detection performed. Please report any incorrect results at https://nmap.org/submit/ .
Nmap done: 1 IP address (1 host up) scanned in 98.19 seconds
