===============================================================
Gobuster v3.1.0
by OJ Reeves (@TheColonial) & Christian Mehlmauer (@firefart)
===============================================================
[+] Url:                     http://10.10.235.145
[+] Method:                  GET
[+] Threads:                 10
[+] Wordlist:                /usr/share/dirb/wordlists/common.txt
[+] Negative Status codes:   404
[+] User Agent:              gobuster/3.1.0
[+] Extensions:              js,php,txt,html
[+] Timeout:                 10s
===============================================================
2022/11/14 18:53:59 Starting gobuster in directory enumeration mode
===============================================================
/.hta                 (Status: 403) [Size: 213]
/.hta.js              (Status: 403) [Size: 216]
/.hta.php             (Status: 403) [Size: 217]
/.hta.txt             (Status: 403) [Size: 217]
/.hta.html            (Status: 403) [Size: 218]
/.htaccess.html       (Status: 403) [Size: 223]
/.htpasswd            (Status: 403) [Size: 218]
/.htaccess            (Status: 403) [Size: 218]
/.htpasswd.php        (Status: 403) [Size: 222]
/.htaccess.js         (Status: 403) [Size: 221]
/.htpasswd.txt        (Status: 403) [Size: 222]
/.htaccess.php        (Status: 403) [Size: 222]
/.htpasswd.html       (Status: 403) [Size: 223]
/.htaccess.txt        (Status: 403) [Size: 222]
/.htpasswd.js         (Status: 403) [Size: 221]
/backups              (Status: 301) [Size: 237] [--> http://10.10.235.145/backups/]
/cgi-bin/.html        (Status: 403) [Size: 222]                                    
/cgi-bin/             (Status: 403) [Size: 217]                                    
/index.html           (Status: 200) [Size: 1770]                                   
/index.html           (Status: 200) [Size: 1770]                                   
===============================================================
2022/11/14 19:00:26 Finished
===============================================================
