        ___
       __H__
 ___ ___[(]_____ ___ ___  {1.7.11#stable}
|_ -| . [,]     | .'| . |
|___|_  [(]_|_|_|__,|  _|
      |_|V...       |_|   https://sqlmap.org

[!] legal disclaimer: Usage of sqlmap for attacking targets without prior mutual consent is illegal. It is the end user's responsibility to obey all applicable local, state and federal laws. Developers assume no liability and are not responsible for any misuse or damage caused by this program

[*] starting @ 01:57:51 /2024-03-23/

[01:57:51] [INFO] parsing HTTP request from 'req'
[01:57:52] [WARNING] provided value for parameter 'Submit' is empty. Please, always use only valid parameter values so sqlmap could be able to run properly
[01:57:52] [INFO] testing connection to the target URL
[01:57:52] [INFO] checking if the target is protected by some kind of WAF/IPS
[01:57:52] [INFO] testing if the target URL content is stable
[01:57:53] [INFO] target URL content is stable
[01:57:53] [INFO] testing if POST parameter 'Username' is dynamic
[01:57:53] [WARNING] POST parameter 'Username' does not appear to be dynamic
[01:57:53] [WARNING] heuristic (basic) test shows that POST parameter 'Username' might not be injectable
[01:57:53] [INFO] testing for SQL injection on POST parameter 'Username'
[01:57:53] [INFO] testing 'AND boolean-based blind - WHERE or HAVING clause'
[01:58:07] [INFO] testing 'OR boolean-based blind - WHERE or HAVING clause'
[01:58:28] [INFO] testing 'OR boolean-based blind - WHERE or HAVING clause (NOT)'
[01:58:41] [INFO] testing 'AND boolean-based blind - WHERE or HAVING clause (subquery - comment)'
[01:58:50] [INFO] testing 'OR boolean-based blind - WHERE or HAVING clause (subquery - comment)'
[01:59:03] [INFO] testing 'AND boolean-based blind - WHERE or HAVING clause (comment)'
[01:59:05] [INFO] testing 'OR boolean-based blind - WHERE or HAVING clause (comment)'
[01:59:09] [INFO] testing 'OR boolean-based blind - WHERE or HAVING clause (NOT - comment)'
[01:59:11] [INFO] testing 'AND boolean-based blind - WHERE or HAVING clause (MySQL comment)'
[01:59:16] [INFO] testing 'OR boolean-based blind - WHERE or HAVING clause (MySQL comment)'
[01:59:25] [INFO] testing 'OR boolean-based blind - WHERE or HAVING clause (NOT - MySQL comment)'
[01:59:30] [INFO] testing 'AND boolean-based blind - WHERE or HAVING clause (Microsoft Access comment)'
[01:59:34] [INFO] testing 'OR boolean-based blind - WHERE or HAVING clause (Microsoft Access comment)'
[01:59:43] [INFO] testing 'MySQL RLIKE boolean-based blind - WHERE, HAVING, ORDER BY or GROUP BY clause'
[01:59:52] [INFO] testing 'MySQL AND boolean-based blind - WHERE, HAVING, ORDER BY or GROUP BY clause (MAKE_SET)'
[02:00:01] [INFO] testing 'MySQL OR boolean-based blind - WHERE, HAVING, ORDER BY or GROUP BY clause (MAKE_SET)'
[02:00:16] [INFO] testing 'MySQL AND boolean-based blind - WHERE, HAVING, ORDER BY or GROUP BY clause (ELT)'
[02:00:26] [INFO] testing 'MySQL OR boolean-based blind - WHERE, HAVING, ORDER BY or GROUP BY clause (ELT)'
[02:00:41] [INFO] testing 'MySQL AND boolean-based blind - WHERE, HAVING, ORDER BY or GROUP BY clause (bool*int)'
[02:00:50] [INFO] testing 'MySQL OR boolean-based blind - WHERE, HAVING, ORDER BY or GROUP BY clause (bool*int)'
[02:01:05] [INFO] testing 'PostgreSQL AND boolean-based blind - WHERE or HAVING clause (CAST)'
[02:01:14] [INFO] testing 'PostgreSQL OR boolean-based blind - WHERE or HAVING clause (CAST)'
[02:01:30] [INFO] testing 'Oracle AND boolean-based blind - WHERE or HAVING clause (CTXSYS.DRITHSX.SN)'
[02:01:38] [INFO] testing 'Oracle OR boolean-based blind - WHERE or HAVING clause (CTXSYS.DRITHSX.SN)'
[02:01:53] [INFO] testing 'SQLite AND boolean-based blind - WHERE, HAVING, GROUP BY or HAVING clause (JSON)'
[02:02:02] [INFO] testing 'SQLite OR boolean-based blind - WHERE, HAVING, GROUP BY or HAVING clause (JSON)'
[02:02:18] [INFO] testing 'Boolean-based blind - Parameter replace (original value)'
[02:02:18] [INFO] testing 'MySQL boolean-based blind - Parameter replace (MAKE_SET)'
[02:02:19] [INFO] testing 'MySQL boolean-based blind - Parameter replace (MAKE_SET - original value)'
[02:02:19] [INFO] testing 'MySQL boolean-based blind - Parameter replace (ELT)'
[02:02:19] [INFO] testing 'MySQL boolean-based blind - Parameter replace (ELT - original value)'
[02:02:19] [INFO] testing 'MySQL boolean-based blind - Parameter replace (bool*int)'
[02:02:19] [INFO] testing 'MySQL boolean-based blind - Parameter replace (bool*int - original value)'
[02:02:20] [INFO] testing 'PostgreSQL boolean-based blind - Parameter replace'
[02:02:20] [INFO] testing 'PostgreSQL boolean-based blind - Parameter replace (original value)'
[02:02:20] [INFO] testing 'PostgreSQL boolean-based blind - Parameter replace (GENERATE_SERIES)'
[02:02:20] [INFO] testing 'PostgreSQL boolean-based blind - Parameter replace (GENERATE_SERIES - original value)'
[02:02:20] [INFO] testing 'Microsoft SQL Server/Sybase boolean-based blind - Parameter replace'
[02:02:21] [INFO] testing 'Microsoft SQL Server/Sybase boolean-based blind - Parameter replace (original value)'
[02:02:21] [INFO] testing 'Oracle boolean-based blind - Parameter replace'
[02:02:21] [INFO] testing 'Oracle boolean-based blind - Parameter replace (original value)'
[02:02:21] [INFO] testing 'Informix boolean-based blind - Parameter replace'
[02:02:22] [INFO] testing 'Informix boolean-based blind - Parameter replace (original value)'
[02:02:22] [INFO] testing 'Microsoft Access boolean-based blind - Parameter replace'
[02:02:22] [INFO] testing 'Microsoft Access boolean-based blind - Parameter replace (original value)'
[02:02:22] [INFO] testing 'Boolean-based blind - Parameter replace (DUAL)'
[02:02:23] [INFO] testing 'Boolean-based blind - Parameter replace (DUAL - original value)'
[02:02:23] [INFO] testing 'Boolean-based blind - Parameter replace (CASE)'
[02:02:23] [INFO] testing 'Boolean-based blind - Parameter replace (CASE - original value)'
[02:02:23] [INFO] testing 'MySQL >= 5.0 boolean-based blind - ORDER BY, GROUP BY clause'
[02:02:24] [INFO] testing 'MySQL >= 5.0 boolean-based blind - ORDER BY, GROUP BY clause (original value)'
[02:02:24] [INFO] testing 'MySQL < 5.0 boolean-based blind - ORDER BY, GROUP BY clause'
[02:02:24] [INFO] testing 'MySQL < 5.0 boolean-based blind - ORDER BY, GROUP BY clause (original value)'
[02:02:24] [INFO] testing 'PostgreSQL boolean-based blind - ORDER BY, GROUP BY clause'
[02:02:25] [INFO] testing 'PostgreSQL boolean-based blind - ORDER BY clause (original value)'
[02:02:25] [INFO] testing 'PostgreSQL boolean-based blind - ORDER BY clause (GENERATE_SERIES)'
[02:02:26] [INFO] testing 'Microsoft SQL Server/Sybase boolean-based blind - ORDER BY clause'
[02:02:26] [INFO] testing 'Microsoft SQL Server/Sybase boolean-based blind - ORDER BY clause (original value)'
[02:02:27] [INFO] testing 'Oracle boolean-based blind - ORDER BY, GROUP BY clause'
[02:02:27] [INFO] testing 'Oracle boolean-based blind - ORDER BY, GROUP BY clause (original value)'
[02:02:27] [INFO] testing 'Microsoft Access boolean-based blind - ORDER BY, GROUP BY clause'
[02:02:28] [INFO] testing 'Microsoft Access boolean-based blind - ORDER BY, GROUP BY clause (original value)'
[02:02:28] [INFO] testing 'SAP MaxDB boolean-based blind - ORDER BY, GROUP BY clause'
[02:02:29] [INFO] testing 'SAP MaxDB boolean-based blind - ORDER BY, GROUP BY clause (original value)'
[02:02:29] [INFO] testing 'IBM DB2 boolean-based blind - ORDER BY clause'
[02:02:30] [INFO] testing 'IBM DB2 boolean-based blind - ORDER BY clause (original value)'
[02:02:30] [INFO] testing 'HAVING boolean-based blind - WHERE, GROUP BY clause'
[02:02:38] [INFO] testing 'MySQL >= 5.0 boolean-based blind - Stacked queries'
[02:02:44] [INFO] testing 'MySQL < 5.0 boolean-based blind - Stacked queries'
[02:02:44] [INFO] testing 'PostgreSQL boolean-based blind - Stacked queries'
[02:02:49] [INFO] testing 'PostgreSQL boolean-based blind - Stacked queries (GENERATE_SERIES)'
[02:02:55] [INFO] testing 'Microsoft SQL Server/Sybase boolean-based blind - Stacked queries (IF)'
[02:03:01] [INFO] testing 'Microsoft SQL Server/Sybase boolean-based blind - Stacked queries'
[02:03:06] [INFO] testing 'Oracle boolean-based blind - Stacked queries'
[02:03:12] [INFO] testing 'Microsoft Access boolean-based blind - Stacked queries'
[02:03:18] [INFO] testing 'SAP MaxDB boolean-based blind - Stacked queries'
[02:03:23] [INFO] testing 'MySQL >= 5.5 AND error-based - WHERE, HAVING, ORDER BY or GROUP BY clause (BIGINT UNSIGNED)'
[02:03:36] [INFO] testing 'MySQL >= 5.5 OR error-based - WHERE or HAVING clause (BIGINT UNSIGNED)'
[02:03:48] [INFO] testing 'MySQL >= 5.5 AND error-based - WHERE, HAVING, ORDER BY or GROUP BY clause (EXP)'
[02:04:00] [INFO] testing 'MySQL >= 5.5 OR error-based - WHERE or HAVING clause (EXP)'
[02:04:14] [INFO] testing 'MySQL >= 5.6 AND error-based - WHERE, HAVING, ORDER BY or GROUP BY clause (GTID_SUBSET)'
[02:04:26] [INFO] testing 'MySQL >= 5.6 OR error-based - WHERE or HAVING clause (GTID_SUBSET)'
[02:04:38] [INFO] testing 'MySQL >= 5.7.8 AND error-based - WHERE, HAVING, ORDER BY or GROUP BY clause (JSON_KEYS)'
[02:04:50] [INFO] testing 'MySQL >= 5.7.8 OR error-based - WHERE or HAVING clause (JSON_KEYS)'
[02:05:02] [INFO] testing 'MySQL >= 5.0 AND error-based - WHERE, HAVING, ORDER BY or GROUP BY clause (FLOOR)'
[02:05:14] [INFO] testing 'MySQL >= 5.0 OR error-based - WHERE, HAVING, ORDER BY or GROUP BY clause (FLOOR)'
[02:05:26] [INFO] testing 'MySQL >= 5.1 AND error-based - WHERE, HAVING, ORDER BY or GROUP BY clause (EXTRACTVALUE)'
[02:05:39] [INFO] testing 'MySQL >= 5.1 OR error-based - WHERE, HAVING, ORDER BY or GROUP BY clause (EXTRACTVALUE)'
[02:05:51] [INFO] testing 'MySQL >= 5.1 AND error-based - WHERE, HAVING, ORDER BY or GROUP BY clause (UPDATEXML)'
[02:06:06] [INFO] testing 'MySQL >= 5.1 OR error-based - WHERE, HAVING, ORDER BY or GROUP BY clause (UPDATEXML)'
[02:06:18] [INFO] testing 'MySQL >= 4.1 AND error-based - WHERE, HAVING, ORDER BY or GROUP BY clause (FLOOR)'
[02:06:33] [INFO] testing 'MySQL >= 4.1 OR error-based - WHERE or HAVING clause (FLOOR)'
[02:06:44] [INFO] testing 'MySQL OR error-based - WHERE or HAVING clause (FLOOR)'
[02:06:50] [INFO] testing 'PostgreSQL AND error-based - WHERE or HAVING clause'
[02:07:02] [INFO] testing 'PostgreSQL OR error-based - WHERE or HAVING clause'
[02:07:11] [INFO] testing 'Microsoft SQL Server/Sybase AND error-based - WHERE or HAVING clause (IN)'
[02:07:23] [INFO] testing 'Microsoft SQL Server/Sybase OR error-based - WHERE or HAVING clause (IN)'
[02:07:33] [INFO] testing 'Microsoft SQL Server/Sybase AND error-based - WHERE or HAVING clause (CONVERT)'
[02:07:44] [INFO] testing 'Microsoft SQL Server/Sybase OR error-based - WHERE or HAVING clause (CONVERT)'
[02:07:54] [INFO] testing 'Microsoft SQL Server/Sybase AND error-based - WHERE or HAVING clause (CONCAT)'
[02:08:05] [INFO] testing 'Microsoft SQL Server/Sybase OR error-based - WHERE or HAVING clause (CONCAT)'
[02:08:15] [INFO] testing 'Oracle AND error-based - WHERE or HAVING clause (XMLType)'
[02:08:26] [INFO] testing 'Oracle OR error-based - WHERE or HAVING clause (XMLType)'
[02:08:35] [INFO] testing 'Oracle AND error-based - WHERE or HAVING clause (UTL_INADDR.GET_HOST_ADDRESS)'
[02:08:46] [INFO] testing 'Oracle OR error-based - WHERE or HAVING clause (UTL_INADDR.GET_HOST_ADDRESS)'
[02:08:56] [INFO] testing 'Oracle AND error-based - WHERE or HAVING clause (CTXSYS.DRITHSX.SN)'
[02:09:07] [INFO] testing 'Oracle OR error-based - WHERE or HAVING clause (CTXSYS.DRITHSX.SN)'
[02:09:16] [INFO] testing 'Oracle AND error-based - WHERE or HAVING clause (DBMS_UTILITY.SQLID_TO_SQLHASH)'
[02:09:28] [INFO] testing 'Oracle OR error-based - WHERE or HAVING clause (DBMS_UTILITY.SQLID_TO_SQLHASH)'
[02:09:37] [INFO] testing 'Firebird AND error-based - WHERE or HAVING clause'
[02:09:45] [INFO] testing 'Firebird OR error-based - WHERE or HAVING clause'
[02:09:53] [INFO] testing 'MonetDB AND error-based - WHERE or HAVING clause'
[02:10:01] [INFO] testing 'MonetDB OR error-based - WHERE or HAVING clause'
[02:10:09] [INFO] testing 'Vertica AND error-based - WHERE or HAVING clause'
[02:10:18] [INFO] testing 'Vertica OR error-based - WHERE or HAVING clause'
[02:10:25] [INFO] testing 'IBM DB2 AND error-based - WHERE or HAVING clause'
[02:10:34] [INFO] testing 'IBM DB2 OR error-based - WHERE or HAVING clause'
[02:10:42] [INFO] testing 'ClickHouse AND error-based - WHERE, HAVING, ORDER BY or GROUP BY clause'
[02:10:53] [INFO] testing 'ClickHouse OR error-based - WHERE, HAVING, ORDER BY or GROUP BY clause'
[02:11:05] [INFO] testing 'MySQL >= 5.1 error-based - PROCEDURE ANALYSE (EXTRACTVALUE)'
[02:11:13] [INFO] testing 'MySQL >= 5.5 error-based - Parameter replace (BIGINT UNSIGNED)'
[02:11:14] [INFO] testing 'MySQL >= 5.5 error-based - Parameter replace (EXP)'
[02:11:14] [INFO] testing 'MySQL >= 5.6 error-based - Parameter replace (GTID_SUBSET)'
[02:11:14] [INFO] testing 'MySQL >= 5.7.8 error-based - Parameter replace (JSON_KEYS)'
[02:11:14] [INFO] testing 'MySQL >= 5.0 error-based - Parameter replace (FLOOR)'
[02:11:14] [INFO] testing 'MySQL >= 5.1 error-based - Parameter replace (UPDATEXML)'
[02:11:15] [INFO] testing 'MySQL >= 5.1 error-based - Parameter replace (EXTRACTVALUE)'
[02:11:15] [INFO] testing 'PostgreSQL error-based - Parameter replace'
[02:11:15] [INFO] testing 'PostgreSQL error-based - Parameter replace (GENERATE_SERIES)'
[02:11:15] [INFO] testing 'Microsoft SQL Server/Sybase error-based - Parameter replace'
[02:11:16] [INFO] testing 'Microsoft SQL Server/Sybase error-based - Parameter replace (integer column)'
[02:11:16] [INFO] testing 'Oracle error-based - Parameter replace'
[02:11:16] [INFO] testing 'Firebird error-based - Parameter replace'
[02:11:16] [INFO] testing 'IBM DB2 error-based - Parameter replace'
[02:11:16] [INFO] testing 'MySQL >= 5.5 error-based - ORDER BY, GROUP BY clause (BIGINT UNSIGNED)'
[02:11:17] [INFO] testing 'MySQL >= 5.5 error-based - ORDER BY, GROUP BY clause (EXP)'
[02:11:18] [INFO] testing 'MySQL >= 5.6 error-based - ORDER BY, GROUP BY clause (GTID_SUBSET)'
[02:11:18] [INFO] testing 'MySQL >= 5.7.8 error-based - ORDER BY, GROUP BY clause (JSON_KEYS)'
[02:11:19] [INFO] testing 'MySQL >= 5.0 error-based - ORDER BY, GROUP BY clause (FLOOR)'
[02:11:19] [INFO] testing 'MySQL >= 5.1 error-based - ORDER BY, GROUP BY clause (EXTRACTVALUE)'
[02:11:19] [INFO] testing 'MySQL >= 5.1 error-based - ORDER BY, GROUP BY clause (UPDATEXML)'
[02:11:20] [INFO] testing 'MySQL >= 4.1 error-based - ORDER BY, GROUP BY clause (FLOOR)'
[02:11:20] [INFO] testing 'PostgreSQL error-based - ORDER BY, GROUP BY clause'
[02:11:21] [INFO] testing 'PostgreSQL error-based - ORDER BY, GROUP BY clause (GENERATE_SERIES)'
[02:11:21] [INFO] testing 'Microsoft SQL Server/Sybase error-based - ORDER BY clause'
[02:11:22] [INFO] testing 'Oracle error-based - ORDER BY, GROUP BY clause'
[02:11:22] [INFO] testing 'Firebird error-based - ORDER BY clause'
[02:11:23] [INFO] testing 'IBM DB2 error-based - ORDER BY clause'
[02:11:23] [INFO] testing 'Microsoft SQL Server/Sybase error-based - Stacking (EXEC)'
[02:11:29] [INFO] testing 'Generic inline queries'
[02:11:29] [INFO] testing 'MySQL inline queries'
[02:11:30] [INFO] testing 'PostgreSQL inline queries'
[02:11:30] [INFO] testing 'Microsoft SQL Server/Sybase inline queries'
[02:11:30] [INFO] testing 'Oracle inline queries'
[02:11:30] [INFO] testing 'SQLite inline queries'
[02:11:30] [INFO] testing 'Firebird inline queries'
[02:11:31] [INFO] testing 'ClickHouse inline queries'
[02:11:31] [INFO] testing 'MySQL >= 5.0.12 stacked queries (comment)'
[02:11:38] [INFO] testing 'MySQL >= 5.0.12 stacked queries'
[02:11:47] [INFO] testing 'MySQL >= 5.0.12 stacked queries (query SLEEP - comment)'
[02:11:54] [INFO] testing 'MySQL >= 5.0.12 stacked queries (query SLEEP)'
[02:12:04] [INFO] testing 'MySQL < 5.0.12 stacked queries (BENCHMARK - comment)'
[02:12:10] [INFO] testing 'MySQL < 5.0.12 stacked queries (BENCHMARK)'
[02:12:19] [INFO] testing 'PostgreSQL > 8.1 stacked queries (comment)'
[02:12:25] [INFO] testing 'PostgreSQL > 8.1 stacked queries'
[02:12:34] [INFO] testing 'PostgreSQL stacked queries (heavy query - comment)'
[02:12:40] [INFO] testing 'PostgreSQL stacked queries (heavy query)'
[02:12:49] [INFO] testing 'PostgreSQL < 8.2 stacked queries (Glibc - comment)'
[02:12:55] [INFO] testing 'PostgreSQL < 8.2 stacked queries (Glibc)'
[02:13:07] [INFO] testing 'Microsoft SQL Server/Sybase stacked queries (comment)'
[02:13:12] [INFO] testing 'Microsoft SQL Server/Sybase stacked queries (DECLARE - comment)'
[02:13:18] [INFO] testing 'Microsoft SQL Server/Sybase stacked queries'
[02:13:29] [INFO] testing 'Microsoft SQL Server/Sybase stacked queries (DECLARE)'
[02:13:39] [INFO] testing 'Oracle stacked queries (DBMS_PIPE.RECEIVE_MESSAGE - comment)'
[02:13:44] [INFO] testing 'Oracle stacked queries (DBMS_PIPE.RECEIVE_MESSAGE)'
[02:13:58] [INFO] testing 'Oracle stacked queries (heavy query - comment)'
[02:14:04] [INFO] testing 'Oracle stacked queries (heavy query)'
[02:14:13] [INFO] testing 'Oracle stacked queries (DBMS_LOCK.SLEEP - comment)'
[02:14:19] [INFO] testing 'Oracle stacked queries (DBMS_LOCK.SLEEP)'
[02:14:28] [INFO] testing 'Oracle stacked queries (USER_LOCK.SLEEP - comment)'
[02:14:28] [INFO] testing 'Oracle stacked queries (USER_LOCK.SLEEP)'
[02:14:28] [INFO] testing 'IBM DB2 stacked queries (heavy query - comment)'
[02:14:34] [INFO] testing 'IBM DB2 stacked queries (heavy query)'
[02:14:43] [INFO] testing 'SQLite > 2.0 stacked queries (heavy query - comment)'
[02:14:49] [INFO] testing 'SQLite > 2.0 stacked queries (heavy query)'
[02:14:57] [INFO] testing 'Firebird stacked queries (heavy query - comment)'
[02:15:03] [INFO] testing 'Firebird stacked queries (heavy query)'
[02:15:12] [INFO] testing 'SAP MaxDB stacked queries (heavy query - comment)'
[02:15:18] [INFO] testing 'SAP MaxDB stacked queries (heavy query)'
[02:15:27] [INFO] testing 'HSQLDB >= 1.7.2 stacked queries (heavy query - comment)'
[02:15:33] [INFO] testing 'HSQLDB >= 1.7.2 stacked queries (heavy query)'
[02:15:42] [INFO] testing 'HSQLDB >= 2.0 stacked queries (heavy query - comment)'
[02:15:47] [INFO] testing 'HSQLDB >= 2.0 stacked queries (heavy query)'
[02:15:57] [INFO] testing 'MySQL >= 5.0.12 AND time-based blind (query SLEEP)'
[02:16:09] [INFO] testing 'MySQL >= 5.0.12 OR time-based blind (query SLEEP)'
[02:16:21] [INFO] testing 'MySQL >= 5.0.12 AND time-based blind (SLEEP)'
[02:16:33] [INFO] testing 'MySQL >= 5.0.12 OR time-based blind (SLEEP)'
[02:16:46] [INFO] testing 'MySQL >= 5.0.12 AND time-based blind (SLEEP - comment)'
[02:16:54] [INFO] testing 'MySQL >= 5.0.12 OR time-based blind (SLEEP - comment)'
[02:17:01] [INFO] testing 'MySQL >= 5.0.12 AND time-based blind (query SLEEP - comment)'
[02:17:09] [INFO] testing 'MySQL >= 5.0.12 OR time-based blind (query SLEEP - comment)'
[02:17:17] [INFO] testing 'MySQL < 5.0.12 AND time-based blind (BENCHMARK)'
[02:17:29] [INFO] testing 'MySQL > 5.0.12 AND time-based blind (heavy query)'
[02:17:41] [INFO] testing 'MySQL < 5.0.12 OR time-based blind (BENCHMARK)'
[02:17:52] [INFO] testing 'MySQL > 5.0.12 OR time-based blind (heavy query)'
[02:18:03] [INFO] testing 'MySQL < 5.0.12 AND time-based blind (BENCHMARK - comment)'
[02:18:11] [INFO] testing 'MySQL > 5.0.12 AND time-based blind (heavy query - comment)'
[02:18:19] [INFO] testing 'MySQL < 5.0.12 OR time-based blind (BENCHMARK - comment)'
[02:18:26] [INFO] testing 'MySQL > 5.0.12 OR time-based blind (heavy query - comment)'
[02:18:34] [INFO] testing 'MySQL >= 5.0.12 RLIKE time-based blind'
[02:18:46] [INFO] testing 'MySQL >= 5.0.12 RLIKE time-based blind (comment)'
[02:18:53] [INFO] testing 'MySQL >= 5.0.12 RLIKE time-based blind (query SLEEP)'
[02:19:05] [INFO] testing 'MySQL >= 5.0.12 RLIKE time-based blind (query SLEEP - comment)'
[02:19:12] [INFO] testing 'MySQL AND time-based blind (ELT)'
[02:19:24] [INFO] testing 'MySQL OR time-based blind (ELT)'
[02:19:36] [INFO] testing 'MySQL AND time-based blind (ELT - comment)'
[02:19:44] [INFO] testing 'MySQL OR time-based blind (ELT - comment)'
[02:19:52] [INFO] testing 'PostgreSQL > 8.1 AND time-based blind'
[02:20:04] [INFO] testing 'PostgreSQL > 8.1 OR time-based blind'
[02:20:14] [INFO] testing 'PostgreSQL > 8.1 AND time-based blind (comment)'
[02:20:23] [INFO] testing 'PostgreSQL > 8.1 OR time-based blind (comment)'
[02:20:30] [INFO] testing 'PostgreSQL AND time-based blind (heavy query)'
[02:20:42] [INFO] testing 'PostgreSQL OR time-based blind (heavy query)'
[02:20:53] [INFO] testing 'PostgreSQL AND time-based blind (heavy query - comment)'
[02:21:02] [INFO] testing 'PostgreSQL OR time-based blind (heavy query - comment)'
[02:21:10] [INFO] testing 'Microsoft SQL Server/Sybase time-based blind (IF)'
[02:21:22] [INFO] testing 'Microsoft SQL Server/Sybase time-based blind (IF - comment)'
[02:21:32] [INFO] testing 'Microsoft SQL Server/Sybase AND time-based blind (heavy query)'
[02:21:44] [INFO] testing 'Microsoft SQL Server/Sybase OR time-based blind (heavy query)'
[02:21:55] [INFO] testing 'Microsoft SQL Server/Sybase AND time-based blind (heavy query - comment)'
[02:22:03] [INFO] testing 'Microsoft SQL Server/Sybase OR time-based blind (heavy query - comment)'
[02:22:11] [INFO] testing 'Oracle AND time-based blind'
[02:22:23] [INFO] testing 'Oracle OR time-based blind'
[02:22:34] [INFO] testing 'Oracle AND time-based blind (comment)'
[02:22:42] [INFO] testing 'Oracle OR time-based blind (comment)'
[02:22:50] [INFO] testing 'Oracle AND time-based blind (heavy query)'
[02:23:02] [INFO] testing 'Oracle OR time-based blind (heavy query)'
[02:23:13] [INFO] testing 'Oracle AND time-based blind (heavy query - comment)'
[02:23:21] [INFO] testing 'Oracle OR time-based blind (heavy query - comment)'
[02:23:29] [INFO] testing 'IBM DB2 AND time-based blind (heavy query)'
[02:23:40] [INFO] testing 'IBM DB2 OR time-based blind (heavy query)'
[02:23:52] [INFO] testing 'IBM DB2 AND time-based blind (heavy query - comment)'
[02:23:59] [INFO] testing 'IBM DB2 OR time-based blind (heavy query - comment)'
[02:24:08] [INFO] testing 'SQLite > 2.0 AND time-based blind (heavy query)'
[02:24:19] [INFO] testing 'SQLite > 2.0 OR time-based blind (heavy query)'
[02:24:33] [INFO] testing 'SQLite > 2.0 AND time-based blind (heavy query - comment)'
[02:24:41] [INFO] testing 'SQLite > 2.0 OR time-based blind (heavy query - comment)'
[02:24:49] [INFO] testing 'Firebird >= 2.0 AND time-based blind (heavy query)'
[02:25:00] [INFO] testing 'Firebird >= 2.0 OR time-based blind (heavy query)'
[02:25:11] [INFO] testing 'Firebird >= 2.0 AND time-based blind (heavy query - comment)'
[02:25:19] [INFO] testing 'Firebird >= 2.0 OR time-based blind (heavy query - comment)'
[02:25:27] [INFO] testing 'SAP MaxDB AND time-based blind (heavy query)'
[02:25:38] [INFO] testing 'SAP MaxDB OR time-based blind (heavy query)'
[02:25:49] [INFO] testing 'SAP MaxDB AND time-based blind (heavy query - comment)'
[02:25:57] [INFO] testing 'SAP MaxDB OR time-based blind (heavy query - comment)'
[02:26:04] [INFO] testing 'HSQLDB >= 1.7.2 AND time-based blind (heavy query)'
[02:26:15] [INFO] testing 'HSQLDB >= 1.7.2 OR time-based blind (heavy query)'
[02:26:27] [INFO] testing 'HSQLDB >= 1.7.2 AND time-based blind (heavy query - comment)'
[02:26:34] [INFO] testing 'HSQLDB >= 1.7.2 OR time-based blind (heavy query - comment)'
[02:26:42] [INFO] testing 'HSQLDB > 2.0 AND time-based blind (heavy query)'
[02:26:53] [INFO] testing 'HSQLDB > 2.0 OR time-based blind (heavy query)'
[02:27:05] [INFO] testing 'HSQLDB > 2.0 AND time-based blind (heavy query - comment)'
[02:27:12] [INFO] testing 'HSQLDB > 2.0 OR time-based blind (heavy query - comment)'
[02:27:20] [INFO] testing 'Informix AND time-based blind (heavy query)'
[02:27:32] [INFO] testing 'Informix OR time-based blind (heavy query)'
[02:27:43] [INFO] testing 'Informix AND time-based blind (heavy query - comment)'
[02:27:52] [INFO] testing 'Informix OR time-based blind (heavy query - comment)'
[02:27:59] [INFO] testing 'ClickHouse AND time-based blind (heavy query)'
[02:28:07] [INFO] testing 'ClickHouse OR time-based blind (heavy query)'
[02:28:15] [INFO] testing 'MySQL >= 5.1 time-based blind (heavy query) - PROCEDURE ANALYSE (EXTRACTVALUE)'
[02:28:23] [INFO] testing 'MySQL >= 5.1 time-based blind (heavy query - comment) - PROCEDURE ANALYSE (EXTRACTVALUE)'
[02:28:29] [INFO] testing 'MySQL >= 5.0.12 time-based blind - Parameter replace'
[02:28:29] [INFO] testing 'MySQL >= 5.0.12 time-based blind - Parameter replace (substraction)'
[02:28:29] [INFO] testing 'MySQL < 5.0.12 time-based blind - Parameter replace (BENCHMARK)'
[02:28:29] [INFO] testing 'MySQL > 5.0.12 time-based blind - Parameter replace (heavy query - comment)'
[02:28:29] [INFO] testing 'MySQL time-based blind - Parameter replace (bool)'
[02:28:30] [INFO] testing 'MySQL time-based blind - Parameter replace (ELT)'
[02:28:30] [INFO] testing 'MySQL time-based blind - Parameter replace (MAKE_SET)'
[02:28:30] [INFO] testing 'PostgreSQL > 8.1 time-based blind - Parameter replace'
[02:28:31] [INFO] testing 'PostgreSQL time-based blind - Parameter replace (heavy query)'
[02:28:31] [INFO] testing 'Microsoft SQL Server/Sybase time-based blind - Parameter replace (heavy queries)'
[02:28:31] [INFO] testing 'Oracle time-based blind - Parameter replace (DBMS_LOCK.SLEEP)'
[02:28:31] [INFO] testing 'Oracle time-based blind - Parameter replace (DBMS_PIPE.RECEIVE_MESSAGE)'
[02:28:31] [INFO] testing 'Oracle time-based blind - Parameter replace (heavy queries)'
[02:28:32] [INFO] testing 'SQLite > 2.0 time-based blind - Parameter replace (heavy query)'
[02:28:32] [INFO] testing 'Firebird time-based blind - Parameter replace (heavy query)'
[02:28:32] [INFO] testing 'SAP MaxDB time-based blind - Parameter replace (heavy query)'
[02:28:32] [INFO] testing 'IBM DB2 time-based blind - Parameter replace (heavy query)'
[02:28:32] [INFO] testing 'HSQLDB >= 1.7.2 time-based blind - Parameter replace (heavy query)'
[02:28:33] [INFO] testing 'HSQLDB > 2.0 time-based blind - Parameter replace (heavy query)'
[02:28:33] [INFO] testing 'Informix time-based blind - Parameter replace (heavy query)'
[02:28:33] [INFO] testing 'MySQL >= 5.0.12 time-based blind - ORDER BY, GROUP BY clause'
[02:28:33] [INFO] testing 'MySQL < 5.0.12 time-based blind - ORDER BY, GROUP BY clause (BENCHMARK)'
[02:28:34] [INFO] testing 'PostgreSQL > 8.1 time-based blind - ORDER BY, GROUP BY clause'
[02:28:34] [INFO] testing 'PostgreSQL time-based blind - ORDER BY, GROUP BY clause (heavy query)'
[02:28:35] [INFO] testing 'Microsoft SQL Server/Sybase time-based blind - ORDER BY clause (heavy query)'
[02:28:35] [INFO] testing 'Oracle time-based blind - ORDER BY, GROUP BY clause (DBMS_LOCK.SLEEP)'
[02:28:36] [INFO] testing 'Oracle time-based blind - ORDER BY, GROUP BY clause (DBMS_PIPE.RECEIVE_MESSAGE)'
[02:28:36] [INFO] testing 'Oracle time-based blind - ORDER BY, GROUP BY clause (heavy query)'
[02:28:37] [INFO] testing 'HSQLDB >= 1.7.2 time-based blind - ORDER BY, GROUP BY clause (heavy query)'
[02:28:37] [INFO] testing 'HSQLDB > 2.0 time-based blind - ORDER BY, GROUP BY clause (heavy query)'
it is recommended to perform only basic UNION tests if there is not at least one other (potential) technique found. Do you want to reduce the number of requests? [Y/n] 