Starting Nmap 7.92 ( https://nmap.org ) at 2022-11-07 09:34 IST
NSE: Loaded 155 scripts for scanning.
NSE: Script Pre-scanning.
NSE: Starting runlevel 1 (of 3) scan.
Initiating NSE at 09:34
Completed NSE at 09:34, 0.00s elapsed
NSE: Starting runlevel 2 (of 3) scan.
Initiating NSE at 09:34
Completed NSE at 09:34, 0.00s elapsed
NSE: Starting runlevel 3 (of 3) scan.
Initiating NSE at 09:34
Completed NSE at 09:34, 0.00s elapsed
Initiating Ping Scan at 09:34
Scanning 10.10.41.86 [2 ports]
Completed Ping Scan at 09:34, 0.15s elapsed (1 total hosts)
Initiating Parallel DNS resolution of 1 host. at 09:34
Completed Parallel DNS resolution of 1 host. at 09:34, 0.00s elapsed
DNS resolution of 1 IPs took 0.00s. Mode: Async [#: 2, OK: 0, NX: 1, DR: 0, SF: 0, TR: 1, CN: 0]
Initiating Connect Scan at 09:34
Scanning 10.10.41.86 [65535 ports]
Discovered open port 22/tcp on 10.10.41.86
Discovered open port 139/tcp on 10.10.41.86
Discovered open port 445/tcp on 10.10.41.86
Discovered open port 80/tcp on 10.10.41.86
Increasing send delay for 10.10.41.86 from 0 to 5 due to max_successful_tryno increase to 4
Connect Scan Timing: About 29.07% done; ETC: 09:36 (0:01:16 remaining)
Connect Scan Timing: About 60.38% done; ETC: 09:36 (0:00:40 remaining)
Completed Connect Scan at 09:36, 98.32s elapsed (65535 total ports)
Initiating Service scan at 09:36
Scanning 4 services on 10.10.41.86
Completed Service scan at 09:36, 11.48s elapsed (4 services on 1 host)
NSE: Script scanning 10.10.41.86.
NSE: Starting runlevel 1 (of 3) scan.
Initiating NSE at 09:36
Completed NSE at 09:36, 7.00s elapsed
NSE: Starting runlevel 2 (of 3) scan.
Initiating NSE at 09:36
Completed NSE at 09:36, 0.61s elapsed
NSE: Starting runlevel 3 (of 3) scan.
Initiating NSE at 09:36
Completed NSE at 09:36, 0.00s elapsed
Nmap scan report for 10.10.41.86
Host is up, received conn-refused (0.15s latency).
Scanned at 2022-11-07 09:34:21 IST for 118s
Not shown: 65531 closed tcp ports (conn-refused)
PORT    STATE SERVICE     REASON  VERSION
22/tcp  open  ssh         syn-ack OpenSSH 7.2p2 Ubuntu 4ubuntu2.10 (Ubuntu Linux; protocol 2.0)
| ssh-hostkey: 
|   2048 10:8a:f5:72:d7:f9:7e:14:a5:c5:4f:9e:97:8b:3d:58 (RSA)
| ssh-rsa AAAAB3NzaC1yc2EAAAADAQABAAABAQCtST3F95eem6k4V02TcUi7/Qtn3WvJGNfqpbE+7EVuN2etoFpihgP5LFK2i/EDbeIAiEPALjtKy3gFMEJ5QDCkglBYt3gUbYv29TQBdx+LZQ8Kjry7W+KCKXhkKJEVnkT5cN6lYZIGAkIAVXacZ/YxWjj+ruSAx07fnNLMkqsMR9VA+8w0L2BsXhzYAwCdWrfRf8CE1UEdJy6WIxRsxIYOk25o9R44KXOWT2F8pP2tFbNcvUMlUY6jGHmXgrIEwDiBHuwd3uG5cVVmxJCCSY6Ygr9Aa12nXmUE5QJE9lisYIPUn9IjbRFb2d2hZE2jQHq3WCGdAls2Bwnn7Rgc7J09
|   256 7f:10:f5:57:41:3c:71:db:b5:5b:db:75:c9:76:30:5c (ECDSA)
| ecdsa-sha2-nistp256 AAAAE2VjZHNhLXNoYTItbmlzdHAyNTYAAAAIbmlzdHAyNTYAAABBBClT+wif/EERxNcaeTiny8IrQ5Qn6uEM7QxRlouee7KWHrHXomCB/Bq4gJ95Lx5sRPQJhGOZMLZyQaKPTIaILNQ=
|   256 6b:4c:23:50:6f:36:00:7c:a6:7c:11:73:c1:a8:60:0c (ED25519)
|_ssh-ed25519 AAAAC3NzaC1lZDI1NTE5AAAAIDolvqv0mvkrpBMhzpvuXHjJlRv/vpYhMabXxhkBxOwz
80/tcp  open  http        syn-ack Apache httpd 2.4.18 ((Ubuntu))
| http-methods: 
|_  Supported Methods: OPTIONS GET HEAD POST
|_http-title: Apache2 Ubuntu Default Page: It works
|_http-server-header: Apache/2.4.18 (Ubuntu)
139/tcp open  netbios-ssn syn-ack Samba smbd 3.X - 4.X (workgroup: WORKGROUP)
445/tcp open  netbios-ssn syn-ack Samba smbd 4.3.11-Ubuntu (workgroup: WORKGROUP)
Service Info: Host: TECHSUPPORT; OS: Linux; CPE: cpe:/o:linux:linux_kernel

Host script results:
| smb-security-mode: 
|   account_used: guest
|   authentication_level: user
|   challenge_response: supported
|_  message_signing: disabled (dangerous, but default)
| smb2-security-mode: 
|   3.1.1: 
|_    Message signing enabled but not required
| smb2-time: 
|   date: 2022-11-07T04:06:15
|_  start_date: N/A
| smb-os-discovery: 
|   OS: Windows 6.1 (Samba 4.3.11-Ubuntu)
|   Computer name: techsupport
|   NetBIOS computer name: TECHSUPPORT\x00
|   Domain name: \x00
|   FQDN: techsupport
|_  System time: 2022-11-07T09:36:15+05:30
| p2p-conficker: 
|   Checking for Conficker.C or higher...
|   Check 1 (port 20255/tcp): CLEAN (Couldn't connect)
|   Check 2 (port 61679/tcp): CLEAN (Couldn't connect)
|   Check 3 (port 29158/udp): CLEAN (Timeout)
|   Check 4 (port 27071/udp): CLEAN (Failed to receive data)
|_  0/4 checks are positive: Host is CLEAN or ports are blocked
|_clock-skew: mean: -1h49m57s, deviation: 3h10m30s, median: 0s

NSE: Script Post-scanning.
NSE: Starting runlevel 1 (of 3) scan.
Initiating NSE at 09:36
Completed NSE at 09:36, 0.00s elapsed
NSE: Starting runlevel 2 (of 3) scan.
Initiating NSE at 09:36
Completed NSE at 09:36, 0.00s elapsed
NSE: Starting runlevel 3 (of 3) scan.
Initiating NSE at 09:36
Completed NSE at 09:36, 0.00s elapsed
Read data files from: /usr/bin/../share/nmap
Service detection performed. Please report any incorrect results at https://nmap.org/submit/ .
Nmap done: 1 IP address (1 host up) scanned in 118.62 seconds
