- Nikto v2.1.6
---------------------------------------------------------------------------
+ Target IP:          10.10.217.163
+ Target Hostname:    10.10.217.163
+ Target Port:        8080
+ Start Time:         2022-12-12 19:49:27 (GMT5.5)
---------------------------------------------------------------------------
+ Server: Apache/2.4.29 (Ubuntu)
+ The anti-clickjacking X-Frame-Options header is not present.
+ The X-XSS-Protection header is not defined. This header can hint to the user agent to protect against some forms of XSS
+ The X-Content-Type-Options header is not set. This could allow the user agent to render the content of the site in a different fashion to the MIME type
+ / - Requires Authentication for realm ' Please enter the password.'
+ Successfully authenticated to realm ' Please enter the password.' with user-supplied credentials.
+ Entry '/administrator/' in robots.txt returned a non-forbidden or redirect HTTP code (200)
+ Entry '/bin/' in robots.txt returned a non-forbidden or redirect HTTP code (200)
+ Entry '/cache/' in robots.txt returned a non-forbidden or redirect HTTP code (200)
+ Entry '/cli/' in robots.txt returned a non-forbidden or redirect HTTP code (200)
+ Entry '/components/' in robots.txt returned a non-forbidden or redirect HTTP code (200)
+ Entry '/includes/' in robots.txt returned a non-forbidden or redirect HTTP code (200)
+ Entry '/language/' in robots.txt returned a non-forbidden or redirect HTTP code (200)
+ Entry '/layouts/' in robots.txt returned a non-forbidden or redirect HTTP code (200)
+ Entry '/libraries/' in robots.txt returned a non-forbidden or redirect HTTP code (200)
+ Entry '/modules/' in robots.txt returned a non-forbidden or redirect HTTP code (200)
+ Entry '/plugins/' in robots.txt returned a non-forbidden or redirect HTTP code (200)
+ Entry '/tmp/' in robots.txt returned a non-forbidden or redirect HTTP code (200)
+ "robots.txt" contains 14 entries which should be manually viewed.
+ Apache/2.4.29 appears to be outdated (current is at least Apache/2.4.37). Apache 2.2.34 is the EOL for the 2.x branch.
+ /backup.zip: Potentially interesting archive/cert file found.
+ /backup.zip: Potentially interesting archive/cert file found. (NOTE: requested by IP address).
+ Web Server returns a valid response with junk HTTP methods, this may cause false positives.
+ DEBUG HTTP verb may show server debugging information. See http://msdn.microsoft.com/en-us/library/e8z01xdh%28VS.80%29.aspx for details.
+ Uncommon header 'tcn' found, with contents: choice
+ OSVDB-3092: /web.config: ASP config file is accessible.
