[1m[38;2;0;255;0m.[38;2;0;255;6m-[38;2;0;255;13m-[38;2;0;255;19m-[38;2;0;255;25m-[38;2;0;255;32m.[38;2;0;255;38m [38;2;0;255;45m.[38;2;0;255;51m-[38;2;0;255;57m.[38;2;0;255;64m [38;2;0;255;70m.[38;2;0;255;76m-[38;2;0;255;83m.[38;2;0;255;89m [38;2;0;255;96m.[38;2;0;255;102m-[38;2;0;255;108m-[38;2;0;255;115m-[38;2;0;255;121m-[38;2;0;255;127m.[38;2;0;255;134m.[38;2;0;255;140m-[38;2;0;255;147m-[38;2;0;255;153m-[38;2;0;255;159m.[38;2;0;255;166m [38;2;0;255;172m [38;2;0;255;178m.[38;2;0;255;185m-[38;2;0;255;191m-[38;2;0;255;198m-[38;2;0;255;204m-[38;2;0;255;210m.[38;2;0;255;217m [38;2;0;255;223m.[38;2;0;255;229m-[38;2;0;255;236m-[38;2;0;255;242m-[38;2;0;255;249m.[38;2;0;255;255m [38;2;0;249;255m [38;2;0;242;255m [38;2;0;236;255m.[38;2;0;230;255m-[38;2;0;223;255m-[38;2;0;217;255m.[38;2;0;210;255m [38;2;0;204;255m [38;2;0;198;255m.[38;2;0;191;255m-[38;2;0;185;255m.[38;2;0;179;255m [38;2;0;172;255m.[38;2;0;166;255m-[38;2;0;159;255m.[0m
[38;2;0;255;0m|[38;2;0;255;6m [38;2;0;255;13m{[38;2;0;255;19m}[38;2;0;255;25m [38;2;0;255;32m [38;2;0;255;38m}[38;2;0;255;45m|[38;2;0;255;51m [38;2;0;255;57m{[38;2;0;255;64m [38;2;0;255;70m}[38;2;0;255;76m [38;2;0;255;83m|[38;2;0;255;89m{[38;2;0;255;96m [38;2;0;255;102m{[38;2;0;255;108m_[38;2;0;255;115m_[38;2;0;255;121m [38;2;0;255;127m{[38;2;0;255;134m_[38;2;0;255;140m [38;2;0;255;147m [38;2;0;255;153m [38;2;0;255;159m_[38;2;0;255;166m}[38;2;0;255;172m{[38;2;0;255;178m [38;2;0;255;185m{[38;2;0;255;191m_[38;2;0;255;198m_[38;2;0;255;204m [38;2;0;255;210m [38;2;0;255;217m/[38;2;0;255;223m [38;2;0;255;229m [38;2;0;255;236m_[38;2;0;255;242m_[38;2;0;255;249m_[38;2;0;255;255m}[38;2;0;249;255m [38;2;0;242;255m/[38;2;0;236;255m [38;2;0;230;255m{[38;2;0;223;255m}[38;2;0;217;255m [38;2;0;210;255m\[38;2;0;204;255m [38;2;0;198;255m|[38;2;0;191;255m [38;2;0;185;255m [38;2;0;179;255m`[38;2;0;172;255m|[38;2;0;166;255m [38;2;0;159;255m|[0m
[38;2;0;255;0m|[38;2;0;255;6m [38;2;0;255;13m.[38;2;0;255;19m-[38;2;0;255;25m.[38;2;0;255;32m [38;2;0;255;38m\[38;2;0;255;45m|[38;2;0;255;51m [38;2;0;255;57m{[38;2;0;255;64m_[38;2;0;255;70m}[38;2;0;255;76m [38;2;0;255;83m|[38;2;0;255;89m.[38;2;0;255;96m-[38;2;0;255;102m.[38;2;0;255;108m_[38;2;0;255;115m}[38;2;0;255;121m [38;2;0;255;127m}[38;2;0;255;134m [38;2;0;255;140m|[38;2;0;255;147m [38;2;0;255;153m|[38;2;0;255;159m [38;2;0;255;166m [38;2;0;255;172m.[38;2;0;255;178m-[38;2;0;255;185m.[38;2;0;255;191m_[38;2;0;255;198m}[38;2;0;255;204m [38;2;0;255;210m}[38;2;0;255;217m\[38;2;0;255;223m [38;2;0;255;229m [38;2;0;255;236m [38;2;0;255;242m [38;2;0;255;249m [38;2;0;255;255m}[38;2;0;249;255m/[38;2;0;242;255m [38;2;0;236;255m [38;2;0;230;255m/[38;2;0;223;255m\[38;2;0;217;255m [38;2;0;210;255m [38;2;0;204;255m\[38;2;0;198;255m|[38;2;0;191;255m [38;2;0;185;255m|[38;2;0;179;255m\[38;2;0;172;255m [38;2;0;166;255m [38;2;0;159;255m|[0m
[38;2;0;255;0m`[38;2;0;255;6m-[38;2;0;255;13m'[38;2;0;255;19m [38;2;0;255;25m`[38;2;0;255;32m-[38;2;0;255;38m'[38;2;0;255;45m`[38;2;0;255;51m-[38;2;0;255;57m-[38;2;0;255;64m-[38;2;0;255;70m-[38;2;0;255;76m-[38;2;0;255;83m'[38;2;0;255;89m`[38;2;0;255;96m-[38;2;0;255;102m-[38;2;0;255;108m-[38;2;0;255;115m-[38;2;0;255;121m'[38;2;0;255;127m [38;2;0;255;134m [38;2;0;255;140m`[38;2;0;255;147m-[38;2;0;255;153m'[38;2;0;255;159m [38;2;0;255;166m [38;2;0;255;172m`[38;2;0;255;178m-[38;2;0;255;185m-[38;2;0;255;191m-[38;2;0;255;198m-[38;2;0;255;204m'[38;2;0;255;210m [38;2;0;255;217m [38;2;0;255;223m`[38;2;0;255;229m-[38;2;0;255;236m-[38;2;0;255;242m-[38;2;0;255;249m'[38;2;0;255;255m [38;2;0;249;255m`[38;2;0;242;255m-[38;2;0;236;255m'[38;2;0;230;255m [38;2;0;223;255m [38;2;0;217;255m`[38;2;0;210;255m-[38;2;0;204;255m'[38;2;0;198;255m`[38;2;0;191;255m-[38;2;0;185;255m'[38;2;0;179;255m [38;2;0;172;255m`[38;2;0;166;255m-[38;2;0;159;255m'[0m
[38;2;0;255;0mT[38;2;0;255;6mh[38;2;0;255;13me[38;2;0;255;19m [38;2;0;255;25mM[38;2;0;255;32mo[38;2;0;255;38md[38;2;0;255;45me[38;2;0;255;51mr[38;2;0;255;57mn[38;2;0;255;64m [38;2;0;255;70mD[38;2;0;255;76ma[38;2;0;255;83my[38;2;0;255;89m [38;2;0;255;96mP[38;2;0;255;102mo[38;2;0;255;108mr[38;2;0;255;115mt[38;2;0;255;121m [38;2;0;255;127mS[38;2;0;255;134mc[38;2;0;255;140ma[38;2;0;255;147mn[38;2;0;255;153mn[38;2;0;255;159me[38;2;0;255;166mr[38;2;0;255;172m.[0m[0m
[1m[38;2;255;255;0m_[38;2;249;255;0m_[38;2;242;255;0m_[38;2;236;255;0m_[38;2;230;255;0m_[38;2;223;255;0m_[38;2;217;255;0m_[38;2;210;255;0m_[38;2;204;255;0m_[38;2;198;255;0m_[38;2;191;255;0m_[38;2;185;255;0m_[38;2;179;255;0m_[38;2;172;255;0m_[38;2;166;255;0m_[38;2;159;255;0m_[38;2;153;255;0m_[38;2;147;255;0m_[38;2;140;255;0m_[38;2;134;255;0m_[38;2;128;255;0m_[38;2;121;255;0m_[38;2;115;255;0m_[38;2;108;255;0m_[38;2;102;255;0m_[38;2;96;255;0m_[38;2;89;255;0m_[38;2;83;255;0m_[38;2;77;255;0m_[38;2;70;255;0m_[38;2;64;255;0m_[38;2;57;255;0m_[38;2;51;255;0m_[38;2;45;255;0m_[38;2;38;255;0m_[38;2;32;255;0m_[38;2;26;255;0m_[38;2;19;255;0m_[38;2;13;255;0m_[38;2;6;255;0m_[0m
[38;2;255;255;0m:[38;2;249;255;0m [38;2;242;255;0mh[38;2;236;255;0mt[38;2;230;255;0mt[38;2;223;255;0mp[38;2;217;255;0ms[38;2;210;255;0m:[38;2;204;255;0m/[38;2;198;255;0m/[38;2;191;255;0md[38;2;185;255;0mi[38;2;179;255;0ms[38;2;172;255;0mc[38;2;166;255;0mo[38;2;159;255;0mr[38;2;153;255;0md[38;2;147;255;0m.[38;2;140;255;0mg[38;2;134;255;0mg[38;2;128;255;0m/[38;2;121;255;0mG[38;2;115;255;0mF[38;2;108;255;0mr[38;2;102;255;0mQ[38;2;96;255;0ms[38;2;89;255;0mG[38;2;83;255;0my[38;2;77;255;0m [38;2;70;255;0m [38;2;64;255;0m [38;2;57;255;0m [38;2;51;255;0m [38;2;45;255;0m [38;2;38;255;0m [38;2;32;255;0m [38;2;26;255;0m [38;2;19;255;0m [38;2;13;255;0m [38;2;6;255;0m:[0m
[38;2;255;255;0m:[38;2;249;255;0m [38;2;242;255;0mh[38;2;236;255;0mt[38;2;230;255;0mt[38;2;223;255;0mp[38;2;217;255;0ms[38;2;210;255;0m:[38;2;204;255;0m/[38;2;198;255;0m/[38;2;191;255;0mg[38;2;185;255;0mi[38;2;179;255;0mt[38;2;172;255;0mh[38;2;166;255;0mu[38;2;159;255;0mb[38;2;153;255;0m.[38;2;147;255;0mc[38;2;140;255;0mo[38;2;134;255;0mm[38;2;128;255;0m/[38;2;121;255;0mR[38;2;115;255;0mu[38;2;108;255;0ms[38;2;102;255;0mt[38;2;96;255;0mS[38;2;89;255;0mc[38;2;83;255;0ma[38;2;77;255;0mn[38;2;70;255;0m/[38;2;64;255;0mR[38;2;57;255;0mu[38;2;51;255;0ms[38;2;45;255;0mt[38;2;38;255;0mS[38;2;32;255;0mc[38;2;26;255;0ma[38;2;19;255;0mn[38;2;13;255;0m [38;2;6;255;0m:[0m
[38;2;255;255;0m [38;2;249;255;0m-[38;2;242;255;0m-[38;2;236;255;0m-[38;2;230;255;0m-[38;2;223;255;0m-[38;2;217;255;0m-[38;2;210;255;0m-[38;2;204;255;0m-[38;2;198;255;0m-[38;2;191;255;0m-[38;2;185;255;0m-[38;2;179;255;0m-[38;2;172;255;0m-[38;2;166;255;0m-[38;2;159;255;0m-[38;2;153;255;0m-[38;2;147;255;0m-[38;2;140;255;0m-[38;2;134;255;0m-[38;2;128;255;0m-[38;2;121;255;0m-[38;2;115;255;0m-[38;2;108;255;0m-[38;2;102;255;0m-[38;2;96;255;0m-[38;2;89;255;0m-[38;2;83;255;0m-[38;2;77;255;0m-[38;2;70;255;0m-[38;2;64;255;0m-[38;2;57;255;0m-[38;2;51;255;0m-[38;2;45;255;0m-[38;2;38;255;0m-[38;2;32;255;0m-[38;2;26;255;0m-[38;2;19;255;0m-[38;2;13;255;0m-[0m[0m
😵 https://admin.tryhackme.com

[1;34m[~][0m The config file is expected to be at "/home/divu050704/.rustscan.toml"
[1;34m[~][0m Automatically increasing ulimit value to 5000.
Open 10.10.119.255:22
Open 10.10.119.255:80
Open 10.10.119.255:9009
Open 10.10.119.255:4040
Open 10.10.119.255:54321
[1;34m[~][0m Starting Script(s)
[1;38;2;0;255;9m[>][0m Script to be run Some("nmap -vvv -p {{port}} {{ip}}")

[1;34m[~][0m Starting Nmap 7.92 ( https://nmap.org ) at 2022-12-15 17:53 IST
NSE: Loaded 155 scripts for scanning.
NSE: Script Pre-scanning.
NSE: Starting runlevel 1 (of 3) scan.
Initiating NSE at 17:53
Completed NSE at 17:53, 0.00s elapsed
NSE: Starting runlevel 2 (of 3) scan.
Initiating NSE at 17:53
Completed NSE at 17:53, 0.00s elapsed
NSE: Starting runlevel 3 (of 3) scan.
Initiating NSE at 17:53
Completed NSE at 17:53, 0.00s elapsed
Initiating Ping Scan at 17:53
Scanning 10.10.119.255 [2 ports]
Completed Ping Scan at 17:53, 0.15s elapsed (1 total hosts)
Initiating Parallel DNS resolution of 1 host. at 17:53
Completed Parallel DNS resolution of 1 host. at 17:53, 0.00s elapsed
DNS resolution of 1 IPs took 0.00s. Mode: Async [#: 2, OK: 0, NX: 1, DR: 0, SF: 0, TR: 1, CN: 0]
Initiating Connect Scan at 17:53
Scanning 10.10.119.255 [5 ports]
Discovered open port 22/tcp on 10.10.119.255
Discovered open port 80/tcp on 10.10.119.255
Discovered open port 4040/tcp on 10.10.119.255
Discovered open port 9009/tcp on 10.10.119.255
Discovered open port 54321/tcp on 10.10.119.255
Completed Connect Scan at 17:53, 0.15s elapsed (5 total ports)
Initiating Service scan at 17:53
Scanning 5 services on 10.10.119.255
Completed Service scan at 17:56, 160.61s elapsed (5 services on 1 host)
NSE: Script scanning 10.10.119.255.
NSE: Starting runlevel 1 (of 3) scan.
Initiating NSE at 17:56
Completed NSE at 17:56, 5.41s elapsed
NSE: Starting runlevel 2 (of 3) scan.
Initiating NSE at 17:56
Completed NSE at 17:56, 2.28s elapsed
NSE: Starting runlevel 3 (of 3) scan.
Initiating NSE at 17:56
Completed NSE at 17:56, 0.00s elapsed
Nmap scan report for 10.10.119.255
Host is up, received conn-refused (0.15s latency).
Scanned at 2022-12-15 17:53:27 IST for 168s

PORT      STATE SERVICE      REASON  VERSION
22/tcp    open  ssh          syn-ack OpenSSH 8.2p1 Ubuntu 4ubuntu0.4 (Ubuntu Linux; protocol 2.0)
| ssh-hostkey: 
|   3072 1a:c7:00:71:b6:65:f5:82:d8:24:80:72:48:ad:99:6e (RSA)
| ssh-rsa AAAAB3NzaC1yc2EAAAADAQABAAABgQDdQwFUWf+D4KPrnmLFLvDNxWwfz1KSykszWADhofGMt9/KW1mq5X6Qdx+JnStzc22CC25trfJYOmhyIcZj/lP2zbwCx8+Ng+31XwbnkqR1dzX6Y7KGEQbJeY48bO/nR1dsOnqFPZuKWPzN5dU3CPCYVXoNqYXxM9mJZ+oPW6hcWqD2AoPVmmda82Hir+wWNEtTjcHExY7ZxZI/Z7vsizYsNjJjBld9IGgAHErp/88h07BExG9HE+wqTZw7/JWC5H9xZqapK3wP9gVn+FGN+3JGHKuYKG6ZGc+eRel2XmIVC2PMelF4j2fY0+M8wMpXsa6MJdiyKnJwHC2V13CIvht+L1NMzV9Ajngl8FUwfQhJg46XrcJYnp1tncrA8/Vd5nar0p+9G0ppseBuM9oGB6iGvC3ssE5YFxN35a5g/0pH/JW8GWAAbzaqTxZbGauhPx+bkJIDoMosSovsYITJGi9l2bYGuv1KaJz7q3OcTVvQrBJYlEhxCo0bTwxcHNC90aU=
|   256 3a:b5:25:2e:ea:2b:44:58:24:55:ef:82:ce:e0:ba:eb (ECDSA)
| ecdsa-sha2-nistp256 AAAAE2VjZHNhLXNoYTItbmlzdHAyNTYAAAAIbmlzdHAyNTYAAABBBIFKDczQ8etcHAV4SsMf7e4ObthBEdiU0W4KFMbqAla7taJBkcChWf136WLVnor+e9yXT0ywIK1xKzwq7c5tZus=
|   256 cf:10:02:8e:96:d3:24:ad:ae:7d:d1:5a:0d:c4:86:ac (ED25519)
|_ssh-ed25519 AAAAC3NzaC1lZDI1NTE5AAAAIB4sG8C6h8Ep0TzcuQinLsiEoA1nY84Gghmr6+sHR+89
80/tcp    open  http         syn-ack nginx 1.18.0 (Ubuntu)
|_http-title: Did not follow redirect to https://10.10.119.255:4040/
| http-methods: 
|_  Supported Methods: GET HEAD POST OPTIONS
|_http-server-header: nginx/1.18.0 (Ubuntu)
4040/tcp  open  ssl/yo-main? syn-ack
| fingerprint-strings: 
|   GetRequest: 
|     HTTP/1.1 200 OK
|     Content-type: text/html
|     Date: Thu, 15 Dec 2022 12:23:54 GMT
|     Connection: close
|     <!DOCTYPE html>
|     <html>
|     <head>
|     <title>ABC</title>
|     <style>
|     body {
|     width: 35em;
|     margin: 0 auto;
|     font-family: Tahoma, Verdana, Arial, sans-serif;
|     </style>
|     </head>
|     <body>
|     <h1>Welcome to ABC!</h1>
|     <p>Abbadabba Broadcasting Compandy</p>
|     <p>We're in the process of building a website! Can you believe this technology exists in bedrock?!?</p>
|     <p>Barney is helping to setup the server, and he said this info was important...</p>
|     <pre>
|     Hey, it's Barney. I only figured out nginx so far, what the h3ll is a database?!?
|     Bamm Bamm tried to setup a sql database, but I don't see it running.
|     Looks like it started something else, but I'm not sure how to turn it off...
|     said it was from the toilet and OVER 9000!
|     Need to try and secure
|   HTTPOptions: 
|     HTTP/1.1 200 OK
|     Content-type: text/html
|     Date: Thu, 15 Dec 2022 12:23:55 GMT
|     Connection: close
|     <!DOCTYPE html>
|     <html>
|     <head>
|     <title>ABC</title>
|     <style>
|     body {
|     width: 35em;
|     margin: 0 auto;
|     font-family: Tahoma, Verdana, Arial, sans-serif;
|     </style>
|     </head>
|     <body>
|     <h1>Welcome to ABC!</h1>
|     <p>Abbadabba Broadcasting Compandy</p>
|     <p>We're in the process of building a website! Can you believe this technology exists in bedrock?!?</p>
|     <p>Barney is helping to setup the server, and he said this info was important...</p>
|     <pre>
|     Hey, it's Barney. I only figured out nginx so far, what the h3ll is a database?!?
|     Bamm Bamm tried to setup a sql database, but I don't see it running.
|     Looks like it started something else, but I'm not sure how to turn it off...
|     said it was from the toilet and OVER 9000!
|_    Need to try and secure
| ssl-cert: Subject: commonName=localhost
| Issuer: commonName=localhost
| Public Key type: rsa
| Public Key bits: 2048
| Signature Algorithm: sha256WithRSAEncryption
| Not valid before: 2022-12-15T12:21:35
| Not valid after:  2023-12-15T12:21:35
| MD5:   424e f768 2f12 16b0 6a32 ac69 40a6 e66e
| SHA-1: 18d2 f0af 89a2 7f0d 1cea 3e86 56dd 0fa2 157e 0f9d
| -----BEGIN CERTIFICATE-----
| MIICrzCCAZcCFDInJ70UBBEloMzibWa4ODSs03mBMA0GCSqGSIb3DQEBCwUAMBQx
| EjAQBgNVBAMMCWxvY2FsaG9zdDAeFw0yMjEyMTUxMjIxMzVaFw0yMzEyMTUxMjIx
| MzVaMBQxEjAQBgNVBAMMCWxvY2FsaG9zdDCCASIwDQYJKoZIhvcNAQEBBQADggEP
| ADCCAQoCggEBAK5+RvZ05o6S38l06xJAqQDkmVlDeSZUiby1+jmj7pBd2M8EU12y
| Xk3IVGE1TDa8gbT8N9vlf+d8U2IDWRiLXUUWuO/8zk8Uyg1DSk6SRBf+dbjqIMZY
| 3oCmTXqQpPBZoY1dewCyOEivKXJRtANdOLqXoKW9gBqrkazRd2nhfI6mRK9tgVkx
| tLCQVq00DJCev5k+dyhbpGLoRH3Gi7bCQMEkt0PGnE3bfTe0IL8jF5DlJR3riFPH
| qInfrL4BTVUM/fCqHwMwTJi1zLGIWAXxFG+bd3mOC1U0pbA+sdhjgCHpbqVP9qgZ
| 0eGhnZ+XRdyHcNZs9LIOnyYNC7ds24Bw6psCAwEAATANBgkqhkiG9w0BAQsFAAOC
| AQEAcQd6K8LLS09kNU/1zxx3PDzolbTBTXoIoMvmBP9qMyNfX6912XIsVLfZnkW8
| S+vMDvGkP3ARGfklkWAytUNxHG4vRjYeRU1hySS22++8yWM7Nrf5jfKG5EudPZ0U
| +0hI882IVrMiQrHRrIa50rovTOiV1zTkUkrLBtW4OUuyv3wShXvU0fgr2ddc0PEB
| 7K5n09aw8tnsHmT2HTJoXl4aE+8Ro6PTRphJQKCnsUBUlzeYsKrdwWivkSL9OwFn
| 9BcJ6IroEibTzKuMyu8SYVm19fKZ7IYOG+fPkWNzcHcZ7vQJnrNKNLWv3grZ9x4G
| Il4tc9Iakvcgh5Qc0/We09BHMg==
|_-----END CERTIFICATE-----
|_ssl-date: TLS randomness does not represent time
| tls-alpn: 
|_  http/1.1
9009/tcp  open  pichat?      syn-ack
| fingerprint-strings: 
|   NULL: 
|     ____ _____ 
|     \x20\x20 / / | | | | /\x20 | _ \x20/ ____|
|     \x20\x20 /\x20 / /__| | ___ ___ _ __ ___ ___ | |_ ___ / \x20 | |_) | | 
|     \x20/ / / _ \x20|/ __/ _ \| '_ ` _ \x20/ _ \x20| __/ _ \x20 / /\x20\x20| _ <| | 
|     \x20 /\x20 / __/ | (_| (_) | | | | | | __/ | || (_) | / ____ \| |_) | |____ 
|     ___|_|______/|_| |_| |_|___| _____/ /_/ _____/ _____|
|_    What are you looking for?
54321/tcp open  ssl/unknown  syn-ack
| fingerprint-strings: 
|   DNSStatusRequestTCP, DNSVersionBindReqTCP, FourOhFourRequest, GenericLines, GetRequest, HTTPOptions, Help, Kerberos, LANDesk-RC, LDAPBindReq, LDAPSearchReq, LPDString, NCP, NULL, RPCCheck, RTSPRequest, SIPOptions, SMBProgNeg, SSLSessionReq, TLSSessionReq, TerminalServer, TerminalServerCookie, X11Probe: 
|_    Error: 'undefined' is not authorized for access.
| ssl-cert: Subject: commonName=localhost
| Issuer: commonName=localhost
| Public Key type: rsa
| Public Key bits: 2048
| Signature Algorithm: sha256WithRSAEncryption
| Not valid before: 2022-12-15T12:21:35
| Not valid after:  2023-12-15T12:21:35
| MD5:   424e f768 2f12 16b0 6a32 ac69 40a6 e66e
| SHA-1: 18d2 f0af 89a2 7f0d 1cea 3e86 56dd 0fa2 157e 0f9d
| -----BEGIN CERTIFICATE-----
| MIICrzCCAZcCFDInJ70UBBEloMzibWa4ODSs03mBMA0GCSqGSIb3DQEBCwUAMBQx
| EjAQBgNVBAMMCWxvY2FsaG9zdDAeFw0yMjEyMTUxMjIxMzVaFw0yMzEyMTUxMjIx
| MzVaMBQxEjAQBgNVBAMMCWxvY2FsaG9zdDCCASIwDQYJKoZIhvcNAQEBBQADggEP
| ADCCAQoCggEBAK5+RvZ05o6S38l06xJAqQDkmVlDeSZUiby1+jmj7pBd2M8EU12y
| Xk3IVGE1TDa8gbT8N9vlf+d8U2IDWRiLXUUWuO/8zk8Uyg1DSk6SRBf+dbjqIMZY
| 3oCmTXqQpPBZoY1dewCyOEivKXJRtANdOLqXoKW9gBqrkazRd2nhfI6mRK9tgVkx
| tLCQVq00DJCev5k+dyhbpGLoRH3Gi7bCQMEkt0PGnE3bfTe0IL8jF5DlJR3riFPH
| qInfrL4BTVUM/fCqHwMwTJi1zLGIWAXxFG+bd3mOC1U0pbA+sdhjgCHpbqVP9qgZ
| 0eGhnZ+XRdyHcNZs9LIOnyYNC7ds24Bw6psCAwEAATANBgkqhkiG9w0BAQsFAAOC
| AQEAcQd6K8LLS09kNU/1zxx3PDzolbTBTXoIoMvmBP9qMyNfX6912XIsVLfZnkW8
| S+vMDvGkP3ARGfklkWAytUNxHG4vRjYeRU1hySS22++8yWM7Nrf5jfKG5EudPZ0U
| +0hI882IVrMiQrHRrIa50rovTOiV1zTkUkrLBtW4OUuyv3wShXvU0fgr2ddc0PEB
| 7K5n09aw8tnsHmT2HTJoXl4aE+8Ro6PTRphJQKCnsUBUlzeYsKrdwWivkSL9OwFn
| 9BcJ6IroEibTzKuMyu8SYVm19fKZ7IYOG+fPkWNzcHcZ7vQJnrNKNLWv3grZ9x4G
| Il4tc9Iakvcgh5Qc0/We09BHMg==
|_-----END CERTIFICATE-----
|_ssl-date: TLS randomness does not represent time
3 services unrecognized despite returning data. If you know the service/version, please submit the following fingerprints at https://nmap.org/cgi-bin/submit.cgi?new-service :
==============NEXT SERVICE FINGERPRINT (SUBMIT INDIVIDUALLY)==============
SF-Port4040-TCP:V=7.92%T=SSL%I=7%D=12/15%Time=639B11D8%P=x86_64-pc-linux-g
SF:nu%r(GetRequest,3BE,"HTTP/1\.1\x20200\x20OK\r\nContent-type:\x20text/ht
SF:ml\r\nDate:\x20Thu,\x2015\x20Dec\x202022\x2012:23:54\x20GMT\r\nConnecti
SF:on:\x20close\r\n\r\n<!DOCTYPE\x20html>\n<html>\n\x20\x20<head>\n\x20\x2
SF:0\x20\x20<title>ABC</title>\n\x20\x20\x20\x20<style>\n\x20\x20\x20\x20\
SF:x20\x20body\x20{\n\x20\x20\x20\x20\x20\x20\x20\x20width:\x2035em;\n\x20
SF:\x20\x20\x20\x20\x20\x20\x20margin:\x200\x20auto;\n\x20\x20\x20\x20\x20
SF:\x20\x20\x20font-family:\x20Tahoma,\x20Verdana,\x20Arial,\x20sans-serif
SF:;\n\x20\x20\x20\x20\x20\x20}\n\x20\x20\x20\x20</style>\n\x20\x20</head>
SF:\n\n\x20\x20<body>\n\x20\x20\x20\x20<h1>Welcome\x20to\x20ABC!</h1>\n\x2
SF:0\x20\x20\x20<p>Abbadabba\x20Broadcasting\x20Compandy</p>\n\n\x20\x20\x
SF:20\x20<p>We're\x20in\x20the\x20process\x20of\x20building\x20a\x20websit
SF:e!\x20Can\x20you\x20believe\x20this\x20technology\x20exists\x20in\x20be
SF:drock\?!\?</p>\n\n\x20\x20\x20\x20<p>Barney\x20is\x20helping\x20to\x20s
SF:etup\x20the\x20server,\x20and\x20he\x20said\x20this\x20info\x20was\x20i
SF:mportant\.\.\.</p>\n\n<pre>\nHey,\x20it's\x20Barney\.\x20I\x20only\x20f
SF:igured\x20out\x20nginx\x20so\x20far,\x20what\x20the\x20h3ll\x20is\x20a\
SF:x20database\?!\?\nBamm\x20Bamm\x20tried\x20to\x20setup\x20a\x20sql\x20d
SF:atabase,\x20but\x20I\x20don't\x20see\x20it\x20running\.\nLooks\x20like\
SF:x20it\x20started\x20something\x20else,\x20but\x20I'm\x20not\x20sure\x20
SF:how\x20to\x20turn\x20it\x20off\.\.\.\n\nHe\x20said\x20it\x20was\x20from
SF:\x20the\x20toilet\x20and\x20OVER\x209000!\n\nNeed\x20to\x20try\x20and\x
SF:20secure\x20")%r(HTTPOptions,3BE,"HTTP/1\.1\x20200\x20OK\r\nContent-typ
SF:e:\x20text/html\r\nDate:\x20Thu,\x2015\x20Dec\x202022\x2012:23:55\x20GM
SF:T\r\nConnection:\x20close\r\n\r\n<!DOCTYPE\x20html>\n<html>\n\x20\x20<h
SF:ead>\n\x20\x20\x20\x20<title>ABC</title>\n\x20\x20\x20\x20<style>\n\x20
SF:\x20\x20\x20\x20\x20body\x20{\n\x20\x20\x20\x20\x20\x20\x20\x20width:\x
SF:2035em;\n\x20\x20\x20\x20\x20\x20\x20\x20margin:\x200\x20auto;\n\x20\x2
SF:0\x20\x20\x20\x20\x20\x20font-family:\x20Tahoma,\x20Verdana,\x20Arial,\
SF:x20sans-serif;\n\x20\x20\x20\x20\x20\x20}\n\x20\x20\x20\x20</style>\n\x
SF:20\x20</head>\n\n\x20\x20<body>\n\x20\x20\x20\x20<h1>Welcome\x20to\x20A
SF:BC!</h1>\n\x20\x20\x20\x20<p>Abbadabba\x20Broadcasting\x20Compandy</p>\
SF:n\n\x20\x20\x20\x20<p>We're\x20in\x20the\x20process\x20of\x20building\x
SF:20a\x20website!\x20Can\x20you\x20believe\x20this\x20technology\x20exist
SF:s\x20in\x20bedrock\?!\?</p>\n\n\x20\x20\x20\x20<p>Barney\x20is\x20helpi
SF:ng\x20to\x20setup\x20the\x20server,\x20and\x20he\x20said\x20this\x20inf
SF:o\x20was\x20important\.\.\.</p>\n\n<pre>\nHey,\x20it's\x20Barney\.\x20I
SF:\x20only\x20figured\x20out\x20nginx\x20so\x20far,\x20what\x20the\x20h3l
SF:l\x20is\x20a\x20database\?!\?\nBamm\x20Bamm\x20tried\x20to\x20setup\x20
SF:a\x20sql\x20database,\x20but\x20I\x20don't\x20see\x20it\x20running\.\nL
SF:ooks\x20like\x20it\x20started\x20something\x20else,\x20but\x20I'm\x20no
SF:t\x20sure\x20how\x20to\x20turn\x20it\x20off\.\.\.\n\nHe\x20said\x20it\x
SF:20was\x20from\x20the\x20toilet\x20and\x20OVER\x209000!\n\nNeed\x20to\x2
SF:0try\x20and\x20secure\x20");
==============NEXT SERVICE FINGERPRINT (SUBMIT INDIVIDUALLY)==============
SF-Port9009-TCP:V=7.92%I=7%D=12/15%Time=639B11C5%P=x86_64-pc-linux-gnu%r(N
SF:ULL,29E,"\n\n\x20__\x20\x20\x20\x20\x20\x20\x20\x20\x20\x20__\x20\x20_\
SF:x20\x20\x20\x20\x20\x20\x20\x20\x20\x20\x20\x20\x20\x20\x20\x20\x20\x20
SF:\x20\x20\x20\x20\x20\x20\x20\x20\x20\x20_\x20\x20\x20\x20\x20\x20\x20\x
SF:20\x20\x20\x20\x20\x20\x20\x20\x20\x20\x20\x20____\x20\x20\x20_____\x20
SF:\n\x20\\\x20\\\x20\x20\x20\x20\x20\x20\x20\x20/\x20/\x20\|\x20\|\x20\x2
SF:0\x20\x20\x20\x20\x20\x20\x20\x20\x20\x20\x20\x20\x20\x20\x20\x20\x20\x
SF:20\x20\x20\x20\x20\x20\x20\|\x20\|\x20\x20\x20\x20\x20\x20\x20\x20\x20\
SF:x20\x20\x20/\\\x20\x20\x20\|\x20\x20_\x20\\\x20/\x20____\|\n\x20\x20\\\
SF:x20\\\x20\x20/\\\x20\x20/\x20/__\|\x20\|\x20___\x20___\x20\x20_\x20__\x
SF:20___\x20\x20\x20___\x20\x20\|\x20\|_\x20___\x20\x20\x20\x20\x20\x20/\x
SF:20\x20\\\x20\x20\|\x20\|_\)\x20\|\x20\|\x20\x20\x20\x20\x20\n\x20\x20\x
SF:20\\\x20\\/\x20\x20\\/\x20/\x20_\x20\\\x20\|/\x20__/\x20_\x20\\\|\x20'_
SF:\x20`\x20_\x20\\\x20/\x20_\x20\\\x20\|\x20__/\x20_\x20\\\x20\x20\x20\x2
SF:0/\x20/\\\x20\\\x20\|\x20\x20_\x20<\|\x20\|\x20\x20\x20\x20\x20\n\x20\x
SF:20\x20\x20\\\x20\x20/\\\x20\x20/\x20\x20__/\x20\|\x20\(_\|\x20\(_\)\x20
SF:\|\x20\|\x20\|\x20\|\x20\|\x20\|\x20\x20__/\x20\|\x20\|\|\x20\(_\)\x20\
SF:|\x20\x20/\x20____\x20\\\|\x20\|_\)\x20\|\x20\|____\x20\n\x20\x20\x20\x
SF:20\x20\\/\x20\x20\\/\x20\\___\|_\|\\___\\___/\|_\|\x20\|_\|\x20\|_\|\\_
SF:__\|\x20\x20\\__\\___/\x20\x20/_/\x20\x20\x20\x20\\_\\____/\x20\\_____\
SF:|\n\x20\x20\x20\x20\x20\x20\x20\x20\x20\x20\x20\x20\x20\x20\x20\x20\x20
SF:\x20\x20\x20\x20\x20\x20\x20\x20\x20\x20\x20\x20\x20\x20\x20\x20\x20\x2
SF:0\x20\x20\x20\x20\x20\x20\x20\x20\x20\x20\x20\x20\x20\x20\x20\x20\x20\x
SF:20\x20\x20\x20\x20\x20\x20\x20\x20\x20\x20\x20\x20\x20\x20\x20\x20\x20\
SF:x20\x20\x20\x20\x20\x20\x20\x20\x20\n\x20\x20\x20\x20\x20\x20\x20\x20\x
SF:20\x20\x20\x20\x20\x20\x20\x20\x20\x20\x20\x20\x20\x20\x20\x20\x20\x20\
SF:x20\x20\x20\x20\x20\x20\x20\x20\x20\x20\x20\x20\x20\x20\x20\x20\x20\x20
SF:\x20\x20\x20\x20\x20\x20\x20\x20\x20\x20\x20\x20\x20\x20\x20\x20\x20\x2
SF:0\x20\x20\x20\x20\x20\x20\x20\x20\x20\x20\x20\x20\x20\x20\x20\x20\x20\n
SF:\n\nWhat\x20are\x20you\x20looking\x20for\?\x20");
==============NEXT SERVICE FINGERPRINT (SUBMIT INDIVIDUALLY)==============
SF-Port54321-TCP:V=7.92%T=SSL%I=7%D=12/15%Time=639B11CD%P=x86_64-pc-linux-
SF:gnu%r(NULL,31,"Error:\x20'undefined'\x20is\x20not\x20authorized\x20for\
SF:x20access\.\n")%r(GenericLines,31,"Error:\x20'undefined'\x20is\x20not\x
SF:20authorized\x20for\x20access\.\n")%r(GetRequest,31,"Error:\x20'undefin
SF:ed'\x20is\x20not\x20authorized\x20for\x20access\.\n")%r(HTTPOptions,31,
SF:"Error:\x20'undefined'\x20is\x20not\x20authorized\x20for\x20access\.\n"
SF:)%r(RTSPRequest,31,"Error:\x20'undefined'\x20is\x20not\x20authorized\x2
SF:0for\x20access\.\n")%r(RPCCheck,31,"Error:\x20'undefined'\x20is\x20not\
SF:x20authorized\x20for\x20access\.\n")%r(DNSVersionBindReqTCP,31,"Error:\
SF:x20'undefined'\x20is\x20not\x20authorized\x20for\x20access\.\n")%r(DNSS
SF:tatusRequestTCP,31,"Error:\x20'undefined'\x20is\x20not\x20authorized\x2
SF:0for\x20access\.\n")%r(Help,31,"Error:\x20'undefined'\x20is\x20not\x20a
SF:uthorized\x20for\x20access\.\n")%r(SSLSessionReq,31,"Error:\x20'undefin
SF:ed'\x20is\x20not\x20authorized\x20for\x20access\.\n")%r(TerminalServerC
SF:ookie,31,"Error:\x20'undefined'\x20is\x20not\x20authorized\x20for\x20ac
SF:cess\.\n")%r(TLSSessionReq,31,"Error:\x20'undefined'\x20is\x20not\x20au
SF:thorized\x20for\x20access\.\n")%r(Kerberos,31,"Error:\x20'undefined'\x2
SF:0is\x20not\x20authorized\x20for\x20access\.\n")%r(SMBProgNeg,31,"Error:
SF:\x20'undefined'\x20is\x20not\x20authorized\x20for\x20access\.\n")%r(X11
SF:Probe,31,"Error:\x20'undefined'\x20is\x20not\x20authorized\x20for\x20ac
SF:cess\.\n")%r(FourOhFourRequest,31,"Error:\x20'undefined'\x20is\x20not\x
SF:20authorized\x20for\x20access\.\n")%r(LPDString,31,"Error:\x20'undefine
SF:d'\x20is\x20not\x20authorized\x20for\x20access\.\n")%r(LDAPSearchReq,31
SF:,"Error:\x20'undefined'\x20is\x20not\x20authorized\x20for\x20access\.\n
SF:")%r(LDAPBindReq,31,"Error:\x20'undefined'\x20is\x20not\x20authorized\x
SF:20for\x20access\.\n")%r(SIPOptions,31,"Error:\x20'undefined'\x20is\x20n
SF:ot\x20authorized\x20for\x20access\.\n")%r(LANDesk-RC,31,"Error:\x20'und
SF:efined'\x20is\x20not\x20authorized\x20for\x20access\.\n")%r(TerminalSer
SF:ver,31,"Error:\x20'undefined'\x20is\x20not\x20authorized\x20for\x20acce
SF:ss\.\n")%r(NCP,31,"Error:\x20'undefined'\x20is\x20not\x20authorized\x20
SF:for\x20access\.\n");
Service Info: OS: Linux; CPE: cpe:/o:linux:linux_kernel

NSE: Script Post-scanning.
NSE: Starting runlevel 1 (of 3) scan.
Initiating NSE at 17:56
Completed NSE at 17:56, 0.00s elapsed
NSE: Starting runlevel 2 (of 3) scan.
Initiating NSE at 17:56
Completed NSE at 17:56, 0.00s elapsed
NSE: Starting runlevel 3 (of 3) scan.
Initiating NSE at 17:56
Completed NSE at 17:56, 0.00s elapsed
Read data files from: /usr/bin/../share/nmap
Service detection performed. Please report any incorrect results at https://nmap.org/submit/ .
Nmap done: 1 IP address (1 host up) scanned in 169.77 seconds

